"../../../Engine/Content/EditorResources/S_Actor.ubulk" 0
"../../../Engine/Content/EditorResources/S_Actor.uasset" 1
"../../../Engine/Content/EditorResources/S_Actor.uexp" 2
"../../../Engine/Content/EditorResources/S_BoxReflectionCapture.uasset" 3
"../../../Engine/Content/EditorResources/S_BoxReflectionCapture.uexp" 4
"../../../Engine/Content/EngineResources/DefaultTexture.ubulk" 5
"../../../Engine/Content/EngineResources/DefaultTexture.uasset" 6
"../../../Engine/Content/EngineResources/DefaultTexture.uexp" 7
"../../../Engine/Content/EngineResources/DefaultTextureCube.uasset" 8
"../../../Engine/Content/EngineResources/DefaultTextureCube.uexp" 9
"../../../Engine/Content/EngineResources/DefaultVolumeTexture2D.uasset" 10
"../../../Engine/Content/EngineResources/DefaultVolumeTexture2D.uexp" 11
"../../../Engine/Content/EngineResources/DefaultVolumeTexture.uasset" 12
"../../../Engine/Content/EngineResources/DefaultVolumeTexture.uexp" 13
"../../../Engine/Content/EditorResources/S_Trigger.ubulk" 14
"../../../Engine/Content/EditorResources/S_Trigger.uasset" 15
"../../../Engine/Content/EditorResources/S_Trigger.uexp" 16
"../../../Engine/Content/EditorResources/S_TriggerBox.uasset" 17
"../../../Engine/Content/EditorResources/S_TriggerBox.uexp" 18
"../../../Engine/Content/EditorResources/S_TriggerCapsule.uasset" 19
"../../../Engine/Content/EditorResources/S_TriggerCapsule.uexp" 20
"../../../Engine/Content/EditorResources/S_TriggerSphere.uasset" 21
"../../../Engine/Content/EditorResources/S_TriggerSphere.uexp" 22
"../../../Engine/Content/EngineMeshes/Sphere.ubulk" 23
"../../../Engine/Content/EngineMeshes/Sphere.uasset" 24
"../../../Engine/Content/EngineMeshes/Sphere.uexp" 25
"../../../Engine/Content/EngineResources/GradientTexture0.uasset" 26
"../../../Engine/Content/EngineResources/GradientTexture0.uexp" 27
"../../../Engine/Content/EngineResources/Black.uasset" 28
"../../../Engine/Content/EngineResources/Black.uexp" 29
"../../../Engine/Content/VREditor/LaserPointer/VR_LaserPower_01.ubulk" 30
"../../../Engine/Content/VREditor/LaserPointer/VR_LaserPower_01.uasset" 31
"../../../Engine/Content/VREditor/LaserPointer/VR_LaserPower_01.uexp" 32
"../../../Engine/Content/VREditor/TransformGizmo/TransformGizmoMaterial.uasset" 33
"../../../Engine/Content/VREditor/TransformGizmo/TransformGizmoMaterial.uexp" 34
"../../../Engine/Content/VREditor/TransformGizmo/TranslucentTransformGizmoMaterial.uasset" 35
"../../../Engine/Content/VREditor/TransformGizmo/TranslucentTransformGizmoMaterial.uexp" 36
"../../../Engine/Content/VREditor/TransformGizmo/PlaneTranslationHandle.ubulk" 37
"../../../Engine/Content/VREditor/TransformGizmo/PlaneTranslationHandle.uasset" 38
"../../../Engine/Content/VREditor/TransformGizmo/PlaneTranslationHandle.uexp" 39
"../../../Engine/Content/VREditor/TransformGizmo/BoundingBoxCorner.ubulk" 40
"../../../Engine/Content/VREditor/TransformGizmo/BoundingBoxCorner.uasset" 41
"../../../Engine/Content/VREditor/TransformGizmo/BoundingBoxCorner.uexp" 42
"../../../Engine/Content/VREditor/TransformGizmo/BoundingBoxEdge.ubulk" 43
"../../../Engine/Content/VREditor/TransformGizmo/BoundingBoxEdge.uasset" 44
"../../../Engine/Content/VREditor/TransformGizmo/BoundingBoxEdge.uexp" 45
"../../../Engine/Content/VREditor/TransformGizmo/Main.uasset" 46
"../../../Engine/Content/VREditor/TransformGizmo/Main.uexp" 47
"../../../Engine/Content/VREditor/TransformGizmo/Xray.uasset" 48
"../../../Engine/Content/VREditor/TransformGizmo/Xray.uexp" 49
"../../../Engine/Content/VREditor/TransformGizmo/SM_Sequencer_Node.ubulk" 50
"../../../Engine/Content/VREditor/TransformGizmo/SM_Sequencer_Node.uasset" 51
"../../../Engine/Content/VREditor/TransformGizmo/SM_Sequencer_Node.uexp" 52
"../../../Engine/Content/EditorMaterials/Camera/CineMat.uasset" 53
"../../../Engine/Content/EditorMaterials/Camera/CineMat.uexp" 54
"../../../Engine/Content/EditorMaterials/Camera/MI_CineMat_Rig.uasset" 55
"../../../Engine/Content/EditorMaterials/Camera/MI_CineMat_Rig.uexp" 56
"../../../Engine/Content/EditorMeshes/Camera/SM_CraneRig_Base.ubulk" 57
"../../../Engine/Content/EditorMeshes/Camera/SM_CraneRig_Base.uasset" 58
"../../../Engine/Content/EditorMeshes/Camera/SM_CraneRig_Base.uexp" 59
"../../../Engine/Content/EditorMeshes/Camera/SM_CraneRig_Arm.ubulk" 60
"../../../Engine/Content/EditorMeshes/Camera/SM_CraneRig_Arm.uasset" 61
"../../../Engine/Content/EditorMeshes/Camera/SM_CraneRig_Arm.uexp" 62
"../../../Engine/Content/EditorMeshes/Camera/SM_CraneRig_Mount.ubulk" 63
"../../../Engine/Content/EditorMeshes/Camera/SM_CraneRig_Mount.uasset" 64
"../../../Engine/Content/EditorMeshes/Camera/SM_CraneRig_Mount.uexp" 65
"../../../Engine/Content/EditorMeshes/Camera/SM_CraneRig_Body.ubulk" 66
"../../../Engine/Content/EditorMeshes/Camera/SM_CraneRig_Body.uasset" 67
"../../../Engine/Content/EditorMeshes/Camera/SM_CraneRig_Body.uexp" 68
"../../../Engine/Content/EditorMeshes/Camera/SM_RailRig_Track.ubulk" 69
"../../../Engine/Content/EditorMeshes/Camera/SM_RailRig_Track.uasset" 70
"../../../Engine/Content/EditorMeshes/Camera/SM_RailRig_Track.uexp" 71
"../../../Engine/Content/EditorMeshes/Camera/SM_RailRig_Mount.ubulk" 72
"../../../Engine/Content/EditorMeshes/Camera/SM_RailRig_Mount.uasset" 73
"../../../Engine/Content/EditorMeshes/Camera/SM_RailRig_Mount.uexp" 74
"../../../Engine/Content/EngineMaterials/T_Default_Material_Grid_M.ubulk" 75
"../../../Engine/Content/EngineMaterials/T_Default_Material_Grid_M.uasset" 76
"../../../Engine/Content/EngineMaterials/T_Default_Material_Grid_M.uexp" 77
"../../../Engine/Content/EngineMaterials/T_Default_Material_Grid_N.ubulk" 78
"../../../Engine/Content/EngineMaterials/T_Default_Material_Grid_N.uasset" 79
"../../../Engine/Content/EngineMaterials/T_Default_Material_Grid_N.uexp" 80
"../../../Engine/Content/Functions/Engine_MaterialFunctions01/Opacity/CameraDepthFade.uasset" 81
"../../../Engine/Content/Functions/Engine_MaterialFunctions01/Opacity/CameraDepthFade.uexp" 82
"../../../Engine/Content/EngineMaterials/WorldGridMaterial.uasset" 83
"../../../Engine/Content/EngineMaterials/WorldGridMaterial.uexp" 84
"../../../Engine/Content/ArtTools/RenderToTexture/Meshes/S_1_Unit_Plane.ubulk" 85
"../../../Engine/Content/ArtTools/RenderToTexture/Meshes/S_1_Unit_Plane.uasset" 86
"../../../Engine/Content/ArtTools/RenderToTexture/Meshes/S_1_Unit_Plane.uexp" 87
"../../../Engine/Content/EditorMaterials/ParticleSystems/PSysThumbnail_NoImage.ubulk" 88
"../../../Engine/Content/EditorMaterials/ParticleSystems/PSysThumbnail_NoImage.uasset" 89
"../../../Engine/Content/EditorMaterials/ParticleSystems/PSysThumbnail_NoImage.uexp" 90
"../../../Engine/Content/EditorMaterials/ParticleSystems/PSysThumbnail_OOD.ubulk" 91
"../../../Engine/Content/EditorMaterials/ParticleSystems/PSysThumbnail_OOD.uasset" 92
"../../../Engine/Content/EditorMaterials/ParticleSystems/PSysThumbnail_OOD.uexp" 93
"../../../Engine/Content/EditorLandscapeResources/SplineEditorMeshMat.uasset" 94
"../../../Engine/Content/EditorLandscapeResources/SplineEditorMeshMat.uexp" 95
"../../../Engine/Content/EditorLandscapeResources/SplineEditorMesh.ubulk" 96
"../../../Engine/Content/EditorLandscapeResources/SplineEditorMesh.uasset" 97
"../../../Engine/Content/EditorLandscapeResources/SplineEditorMesh.uexp" 98
"../../../Engine/Content/EditorResources/S_Solver.ubulk" 99
"../../../Engine/Content/EditorResources/S_Solver.uasset" 100
"../../../Engine/Content/EditorResources/S_Solver.uexp" 101
"../../../Engine/Plugins/Media/MediaPlate/Content/SM_MediaPlateScreen.ubulk" 102
"../../../Engine/Plugins/Media/MediaPlate/Content/SM_MediaPlateScreen.uasset" 103
"../../../Engine/Plugins/Media/MediaPlate/Content/SM_MediaPlateScreen.uexp" 104
"../../../Engine/Content/EngineMaterials/Good64x64TilingNoiseHighFreq.uasset" 105
"../../../Engine/Content/EngineMaterials/Good64x64TilingNoiseHighFreq.uexp" 106
"../../../Engine/Content/EngineMaterials/DefaultBokeh.uasset" 107
"../../../Engine/Content/EngineMaterials/DefaultBokeh.uexp" 108
"../../../Engine/Content/EngineMaterials/PreintegratedSkinBRDF.uasset" 109
"../../../Engine/Content/EngineMaterials/PreintegratedSkinBRDF.uexp" 110
"../../../Engine/Content/EngineMaterials/MiniFont.uasset" 111
"../../../Engine/Content/EngineMaterials/MiniFont.uexp" 112
"../../../Engine/Content/EngineMaterials/WeightMapPlaceholderTexture.uasset" 113
"../../../Engine/Content/EngineMaterials/WeightMapPlaceholderTexture.uexp" 114
"../../../Engine/Content/EngineMaterials/DefaultWhiteGrid.ubulk" 115
"../../../Engine/Content/EngineMaterials/DefaultWhiteGrid.uasset" 116
"../../../Engine/Content/EngineMaterials/DefaultWhiteGrid.uexp" 117
"C:/Users/12105001/Desktop/UE4kadai/Kouhei_ObstacleRun/Content/Characters/Mannequins/Meshes/SK_Mannequin.uasset" 118
"C:/Users/12105001/Desktop/UE4kadai/Kouhei_ObstacleRun/Content/Characters/Mannequins/Meshes/SK_Mannequin.uexp" 119
"C:/Users/12105001/Desktop/UE4kadai/Kouhei_ObstacleRun/Content/Characters/Mannequins/Textures/Quinn/T_Quinn_02ID_MSR_MSK.ubulk" 120
"C:/Users/12105001/Desktop/UE4kadai/Kouhei_ObstacleRun/Content/Characters/Mannequins/Textures/Quinn/T_Quinn_02ID_MSR_MSK.uasset" 121
"C:/Users/12105001/Desktop/UE4kadai/Kouhei_ObstacleRun/Content/Characters/Mannequins/Textures/Quinn/T_Quinn_02ID_MSR_MSK.uexp" 122
"C:/Users/12105001/Desktop/UE4kadai/Kouhei_ObstacleRun/Content/Characters/Mannequins/Textures/Quinn/T_Quinn_02ID_BN.ubulk" 123
"C:/Users/12105001/Desktop/UE4kadai/Kouhei_ObstacleRun/Content/Characters/Mannequins/Textures/Quinn/T_Quinn_02ID_BN.uasset" 124
"C:/Users/12105001/Desktop/UE4kadai/Kouhei_ObstacleRun/Content/Characters/Mannequins/Textures/Quinn/T_Quinn_02ID_BN.uexp" 125
"C:/Users/12105001/Desktop/UE4kadai/Kouhei_ObstacleRun/Content/Characters/Mannequins/Textures/Quinn/T_Quinn_02_ASAOMASK_MSK.ubulk" 126
"C:/Users/12105001/Desktop/UE4kadai/Kouhei_ObstacleRun/Content/Characters/Mannequins/Textures/Quinn/T_Quinn_02_ASAOMASK_MSK.uasset" 127
"C:/Users/12105001/Desktop/UE4kadai/Kouhei_ObstacleRun/Content/Characters/Mannequins/Textures/Quinn/T_Quinn_02_ASAOMASK_MSK.uexp" 128
"C:/Users/12105001/Desktop/UE4kadai/Kouhei_ObstacleRun/Content/Characters/Mannequins/Textures/Quinn/T_Quinn_02_CCRCCPlastic_MSK.ubulk" 129
"C:/Users/12105001/Desktop/UE4kadai/Kouhei_ObstacleRun/Content/Characters/Mannequins/Textures/Quinn/T_Quinn_02_CCRCCPlastic_MSK.uasset" 130
"C:/Users/12105001/Desktop/UE4kadai/Kouhei_ObstacleRun/Content/Characters/Mannequins/Textures/Quinn/T_Quinn_02_CCRCCPlastic_MSK.uexp" 131
"C:/Users/12105001/Desktop/UE4kadai/Kouhei_ObstacleRun/Content/Characters/Mannequins/Textures/Quinn/T_Quinn_02ID_Tan.ubulk" 132
"C:/Users/12105001/Desktop/UE4kadai/Kouhei_ObstacleRun/Content/Characters/Mannequins/Textures/Quinn/T_Quinn_02ID_Tan.uasset" 133
"C:/Users/12105001/Desktop/UE4kadai/Kouhei_ObstacleRun/Content/Characters/Mannequins/Textures/Quinn/T_Quinn_02ID_Tan.uexp" 134
"C:/Users/12105001/Desktop/UE4kadai/Kouhei_ObstacleRun/Content/Characters/Mannequins/Textures/Quinn/T_Quinn_02ID_D.ubulk" 135
"C:/Users/12105001/Desktop/UE4kadai/Kouhei_ObstacleRun/Content/Characters/Mannequins/Textures/Quinn/T_Quinn_02ID_D.uasset" 136
"C:/Users/12105001/Desktop/UE4kadai/Kouhei_ObstacleRun/Content/Characters/Mannequins/Textures/Quinn/T_Quinn_02ID_D.uexp" 137
"C:/Users/12105001/Desktop/UE4kadai/Kouhei_ObstacleRun/Content/Characters/Mannequins/Textures/Quinn/T_Quinn_01ID_MSR_MSK.ubulk" 138
"C:/Users/12105001/Desktop/UE4kadai/Kouhei_ObstacleRun/Content/Characters/Mannequins/Textures/Quinn/T_Quinn_01ID_MSR_MSK.uasset" 139
"C:/Users/12105001/Desktop/UE4kadai/Kouhei_ObstacleRun/Content/Characters/Mannequins/Textures/Quinn/T_Quinn_01ID_MSR_MSK.uexp" 140
"C:/Users/12105001/Desktop/UE4kadai/Kouhei_ObstacleRun/Content/Characters/Mannequins/Materials/Functions/ChromaticCurve.uasset" 141
"C:/Users/12105001/Desktop/UE4kadai/Kouhei_ObstacleRun/Content/Characters/Mannequins/Materials/Functions/ChromaticCurve.uexp" 142
"C:/Users/12105001/Desktop/UE4kadai/Kouhei_ObstacleRun/Content/Characters/Mannequins/Materials/Functions/CA_Mannequin.uasset" 143
"C:/Users/12105001/Desktop/UE4kadai/Kouhei_ObstacleRun/Content/Characters/Mannequins/Materials/Functions/CA_Mannequin.uexp" 144
"C:/Users/12105001/Desktop/UE4kadai/Kouhei_ObstacleRun/Content/Characters/Mannequins/Materials/Functions/MF_Diffraction.uasset" 145
"C:/Users/12105001/Desktop/UE4kadai/Kouhei_ObstacleRun/Content/Characters/Mannequins/Materials/Functions/MF_Diffraction.uexp" 146
"C:/Users/12105001/Desktop/UE4kadai/Kouhei_ObstacleRun/Content/Characters/Mannequins/Textures/Manny/T_Manny_01_N.ubulk" 147
"C:/Users/12105001/Desktop/UE4kadai/Kouhei_ObstacleRun/Content/Characters/Mannequins/Textures/Manny/T_Manny_01_N.uasset" 148
"C:/Users/12105001/Desktop/UE4kadai/Kouhei_ObstacleRun/Content/Characters/Mannequins/Textures/Manny/T_Manny_01_N.uexp" 149
"C:/Users/12105001/Desktop/UE4kadai/Kouhei_ObstacleRun/Content/Characters/Mannequins/Materials/Functions/ML_BaseColorFallOff.uasset" 150
"C:/Users/12105001/Desktop/UE4kadai/Kouhei_ObstacleRun/Content/Characters/Mannequins/Materials/Functions/ML_BaseColorFallOff.uexp" 151
"../../../Engine/Content/Functions/Engine_MaterialFunctions02/Utility/BreakOutFloat2Components.uasset" 152
"../../../Engine/Content/Functions/Engine_MaterialFunctions02/Utility/BreakOutFloat2Components.uexp" 153
"../../../Engine/Content/Functions/Engine_MaterialFunctions01/Texturing/ScaleUVsByCenter.uasset" 154
"../../../Engine/Content/Functions/Engine_MaterialFunctions01/Texturing/ScaleUVsByCenter.uexp" 155
"C:/Users/12105001/Desktop/UE4kadai/Kouhei_ObstacleRun/Content/Characters/Mannequins/Textures/Shared/T_UE_Logo_M.uasset" 156
"C:/Users/12105001/Desktop/UE4kadai/Kouhei_ObstacleRun/Content/Characters/Mannequins/Textures/Shared/T_UE_Logo_M.uexp" 157
"C:/Users/12105001/Desktop/UE4kadai/Kouhei_ObstacleRun/Content/Characters/Mannequins/Materials/Functions/MF_logo3layers.uasset" 158
"C:/Users/12105001/Desktop/UE4kadai/Kouhei_ObstacleRun/Content/Characters/Mannequins/Materials/Functions/MF_logo3layers.uexp" 159
"C:/Users/12105001/Desktop/UE4kadai/Kouhei_ObstacleRun/Content/Characters/Mannequins/Textures/Manny/T_Manny_01_CCRCCPlastic_MSK.ubulk" 160
"C:/Users/12105001/Desktop/UE4kadai/Kouhei_ObstacleRun/Content/Characters/Mannequins/Textures/Manny/T_Manny_01_CCRCCPlastic_MSK.uasset" 161
"C:/Users/12105001/Desktop/UE4kadai/Kouhei_ObstacleRun/Content/Characters/Mannequins/Textures/Manny/T_Manny_01_CCRCCPlastic_MSK.uexp" 162
"C:/Users/12105001/Desktop/UE4kadai/Kouhei_ObstacleRun/Content/Characters/Mannequins/Textures/Manny/T_Manny_01_ASAOPMASK_MSK.ubulk" 163
"C:/Users/12105001/Desktop/UE4kadai/Kouhei_ObstacleRun/Content/Characters/Mannequins/Textures/Manny/T_Manny_01_ASAOPMASK_MSK.uasset" 164
"C:/Users/12105001/Desktop/UE4kadai/Kouhei_ObstacleRun/Content/Characters/Mannequins/Textures/Manny/T_Manny_01_ASAOPMASK_MSK.uexp" 165
"C:/Users/12105001/Desktop/UE4kadai/Kouhei_ObstacleRun/Content/Characters/Mannequins/Textures/Manny/T_Manny_01_MSR_MSK.ubulk" 166
"C:/Users/12105001/Desktop/UE4kadai/Kouhei_ObstacleRun/Content/Characters/Mannequins/Textures/Manny/T_Manny_01_MSR_MSK.uasset" 167
"C:/Users/12105001/Desktop/UE4kadai/Kouhei_ObstacleRun/Content/Characters/Mannequins/Textures/Manny/T_Manny_01_MSR_MSK.uexp" 168
"C:/Users/12105001/Desktop/UE4kadai/Kouhei_ObstacleRun/Content/Characters/Mannequins/Textures/Manny/T_Manny_01_BN.ubulk" 169
"C:/Users/12105001/Desktop/UE4kadai/Kouhei_ObstacleRun/Content/Characters/Mannequins/Textures/Manny/T_Manny_01_BN.uasset" 170
"C:/Users/12105001/Desktop/UE4kadai/Kouhei_ObstacleRun/Content/Characters/Mannequins/Textures/Manny/T_Manny_01_BN.uexp" 171
"C:/Users/12105001/Desktop/UE4kadai/Kouhei_ObstacleRun/Content/Characters/Mannequins/Textures/Manny/T_Manny_01_D.ubulk" 172
"C:/Users/12105001/Desktop/UE4kadai/Kouhei_ObstacleRun/Content/Characters/Mannequins/Textures/Manny/T_Manny_01_D.uasset" 173
"C:/Users/12105001/Desktop/UE4kadai/Kouhei_ObstacleRun/Content/Characters/Mannequins/Textures/Manny/T_Manny_01_D.uexp" 174
"C:/Users/12105001/Desktop/UE4kadai/Kouhei_ObstacleRun/Content/Characters/Mannequins/Textures/Manny/T_Manny_01_Tan.ubulk" 175
"C:/Users/12105001/Desktop/UE4kadai/Kouhei_ObstacleRun/Content/Characters/Mannequins/Textures/Manny/T_Manny_01_Tan.uasset" 176
"C:/Users/12105001/Desktop/UE4kadai/Kouhei_ObstacleRun/Content/Characters/Mannequins/Textures/Manny/T_Manny_01_Tan.uexp" 177
"C:/Users/12105001/Desktop/UE4kadai/Kouhei_ObstacleRun/Content/Characters/Mannequins/Materials/M_Mannequin.uasset" 178
"C:/Users/12105001/Desktop/UE4kadai/Kouhei_ObstacleRun/Content/Characters/Mannequins/Materials/M_Mannequin.uexp" 179
"C:/Users/12105001/Desktop/UE4kadai/Kouhei_ObstacleRun/Content/Characters/Mannequins/Textures/Quinn/T_Quinn_01_ASAOMASK_MSK.ubulk" 180
"C:/Users/12105001/Desktop/UE4kadai/Kouhei_ObstacleRun/Content/Characters/Mannequins/Textures/Quinn/T_Quinn_01_ASAOMASK_MSK.uasset" 181
"C:/Users/12105001/Desktop/UE4kadai/Kouhei_ObstacleRun/Content/Characters/Mannequins/Textures/Quinn/T_Quinn_01_ASAOMASK_MSK.uexp" 182
"C:/Users/12105001/Desktop/UE4kadai/Kouhei_ObstacleRun/Content/Characters/Mannequins/Textures/Quinn/T_Quinn_01ID_N.ubulk" 183
"C:/Users/12105001/Desktop/UE4kadai/Kouhei_ObstacleRun/Content/Characters/Mannequins/Textures/Quinn/T_Quinn_01ID_N.uasset" 184
"C:/Users/12105001/Desktop/UE4kadai/Kouhei_ObstacleRun/Content/Characters/Mannequins/Textures/Quinn/T_Quinn_01ID_N.uexp" 185
"C:/Users/12105001/Desktop/UE4kadai/Kouhei_ObstacleRun/Content/Characters/Mannequins/Textures/Quinn/T_Quinn_01ID_BN.ubulk" 186
"C:/Users/12105001/Desktop/UE4kadai/Kouhei_ObstacleRun/Content/Characters/Mannequins/Textures/Quinn/T_Quinn_01ID_BN.uasset" 187
"C:/Users/12105001/Desktop/UE4kadai/Kouhei_ObstacleRun/Content/Characters/Mannequins/Textures/Quinn/T_Quinn_01ID_BN.uexp" 188
"C:/Users/12105001/Desktop/UE4kadai/Kouhei_ObstacleRun/Content/Characters/Mannequins/Textures/Quinn/T_Quinn_01ID_D.ubulk" 189
"C:/Users/12105001/Desktop/UE4kadai/Kouhei_ObstacleRun/Content/Characters/Mannequins/Textures/Quinn/T_Quinn_01ID_D.uasset" 190
"C:/Users/12105001/Desktop/UE4kadai/Kouhei_ObstacleRun/Content/Characters/Mannequins/Textures/Quinn/T_Quinn_01ID_D.uexp" 191
"C:/Users/12105001/Desktop/UE4kadai/Kouhei_ObstacleRun/Content/Characters/Mannequins/Textures/Quinn/T_Quinn_01ID_Tan.ubulk" 192
"C:/Users/12105001/Desktop/UE4kadai/Kouhei_ObstacleRun/Content/Characters/Mannequins/Textures/Quinn/T_Quinn_01ID_Tan.uasset" 193
"C:/Users/12105001/Desktop/UE4kadai/Kouhei_ObstacleRun/Content/Characters/Mannequins/Textures/Quinn/T_Quinn_01ID_Tan.uexp" 194
"C:/Users/12105001/Desktop/UE4kadai/Kouhei_ObstacleRun/Content/Characters/Mannequins/Textures/Quinn/T_Quinn_01_CCRCCPlastic_MSK.ubulk" 195
"C:/Users/12105001/Desktop/UE4kadai/Kouhei_ObstacleRun/Content/Characters/Mannequins/Textures/Quinn/T_Quinn_01_CCRCCPlastic_MSK.uasset" 196
"C:/Users/12105001/Desktop/UE4kadai/Kouhei_ObstacleRun/Content/Characters/Mannequins/Textures/Quinn/T_Quinn_01_CCRCCPlastic_MSK.uexp" 197
"C:/Users/12105001/Desktop/UE4kadai/Kouhei_ObstacleRun/Content/Characters/Mannequins/Materials/Instances/Quinn/MI_Quinn_01.uasset" 198
"C:/Users/12105001/Desktop/UE4kadai/Kouhei_ObstacleRun/Content/Characters/Mannequins/Materials/Instances/Quinn/MI_Quinn_01.uexp" 199
"C:/Users/12105001/Desktop/UE4kadai/Kouhei_ObstacleRun/Content/Characters/Mannequins/Textures/Quinn/T_Quinn_02ID_N.ubulk" 200
"C:/Users/12105001/Desktop/UE4kadai/Kouhei_ObstacleRun/Content/Characters/Mannequins/Textures/Quinn/T_Quinn_02ID_N.uasset" 201
"C:/Users/12105001/Desktop/UE4kadai/Kouhei_ObstacleRun/Content/Characters/Mannequins/Textures/Quinn/T_Quinn_02ID_N.uexp" 202
"C:/Users/12105001/Desktop/UE4kadai/Kouhei_ObstacleRun/Content/Characters/Mannequins/Materials/Instances/Quinn/MI_Quinn_02.uasset" 203
"C:/Users/12105001/Desktop/UE4kadai/Kouhei_ObstacleRun/Content/Characters/Mannequins/Materials/Instances/Quinn/MI_Quinn_02.uexp" 204
"C:/Users/12105001/Desktop/UE4kadai/Kouhei_ObstacleRun/Content/Characters/Mannequins/Rigs/PA_Mannequin.uasset" 205
"C:/Users/12105001/Desktop/UE4kadai/Kouhei_ObstacleRun/Content/Characters/Mannequins/Rigs/PA_Mannequin.uexp" 206
"C:/Users/12105001/Desktop/UE4kadai/Kouhei_ObstacleRun/Content/Characters/Mannequins/Meshes/SKM_Quinn_Simple.uasset" 207
"C:/Users/12105001/Desktop/UE4kadai/Kouhei_ObstacleRun/Content/Characters/Mannequins/Meshes/SKM_Quinn_Simple.uexp" 208
"C:/Users/12105001/Desktop/UE4kadai/Kouhei_ObstacleRun/Content/ThirdPerson/Input/Actions/IA_Jump.uasset" 209
"C:/Users/12105001/Desktop/UE4kadai/Kouhei_ObstacleRun/Content/ThirdPerson/Input/Actions/IA_Jump.uexp" 210
"C:/Users/12105001/Desktop/UE4kadai/Kouhei_ObstacleRun/Content/ThirdPerson/Input/Actions/IA_Look.uasset" 211
"C:/Users/12105001/Desktop/UE4kadai/Kouhei_ObstacleRun/Content/ThirdPerson/Input/Actions/IA_Look.uexp" 212
"C:/Users/12105001/Desktop/UE4kadai/Kouhei_ObstacleRun/Content/ThirdPerson/Input/Actions/IA_Move.uasset" 213
"C:/Users/12105001/Desktop/UE4kadai/Kouhei_ObstacleRun/Content/ThirdPerson/Input/Actions/IA_Move.uexp" 214
"C:/Users/12105001/Desktop/UE4kadai/Kouhei_ObstacleRun/Content/ThirdPerson/Input/IMC_Default.uasset" 215
"C:/Users/12105001/Desktop/UE4kadai/Kouhei_ObstacleRun/Content/ThirdPerson/Input/IMC_Default.uexp" 216
"C:/Users/12105001/Desktop/UE4kadai/Kouhei_ObstacleRun/Content/Mapping/IA_Jump.uasset" 217
"C:/Users/12105001/Desktop/UE4kadai/Kouhei_ObstacleRun/Content/Mapping/IA_Jump.uexp" 218
"../../../Engine/Content/Animation/DefaultAnimCurveCompressionSettings.uasset" 219
"../../../Engine/Content/Animation/DefaultAnimCurveCompressionSettings.uexp" 220
"../../../Engine/Content/Animation/DefaultAnimBoneCompressionSettings.uasset" 221
"../../../Engine/Content/Animation/DefaultAnimBoneCompressionSettings.uexp" 222
"C:/Users/12105001/Desktop/UE4kadai/Kouhei_ObstacleRun/Content/Characters/Mannequins/Animations/Quinn/MF_Run_Fwd.uasset" 223
"C:/Users/12105001/Desktop/UE4kadai/Kouhei_ObstacleRun/Content/Characters/Mannequins/Animations/Quinn/MF_Run_Fwd.uexp" 224
"C:/Users/12105001/Desktop/UE4kadai/Kouhei_ObstacleRun/Content/Characters/Mannequins/Animations/Quinn/MF_Walk_Fwd.uasset" 225
"C:/Users/12105001/Desktop/UE4kadai/Kouhei_ObstacleRun/Content/Characters/Mannequins/Animations/Quinn/MF_Walk_Fwd.uexp" 226
"../../../Engine/Content/Animation/DefaultRecorderBoneCompression.uasset" 227
"../../../Engine/Content/Animation/DefaultRecorderBoneCompression.uexp" 228
"C:/Users/12105001/Desktop/UE4kadai/Kouhei_ObstacleRun/Content/Characters/Mannequins/Animations/Manny/MM_Walk_InPlace.uasset" 229
"C:/Users/12105001/Desktop/UE4kadai/Kouhei_ObstacleRun/Content/Characters/Mannequins/Animations/Manny/MM_Walk_InPlace.uexp" 230
"C:/Users/12105001/Desktop/UE4kadai/Kouhei_ObstacleRun/Content/Characters/Mannequins/Animations/Quinn/BS_MF_Unarmed_WalkRun.uasset" 231
"C:/Users/12105001/Desktop/UE4kadai/Kouhei_ObstacleRun/Content/Characters/Mannequins/Animations/Quinn/BS_MF_Unarmed_WalkRun.uexp" 232
"C:/Users/12105001/Desktop/UE4kadai/Kouhei_ObstacleRun/Content/Characters/Mannequins/Animations/Quinn/MF_Idle.uasset" 233
"C:/Users/12105001/Desktop/UE4kadai/Kouhei_ObstacleRun/Content/Characters/Mannequins/Animations/Quinn/MF_Idle.uexp" 234
"C:/Users/12105001/Desktop/UE4kadai/Kouhei_ObstacleRun/Content/Characters/Mannequins/Animations/Manny/MM_Fall_Loop.uasset" 235
"C:/Users/12105001/Desktop/UE4kadai/Kouhei_ObstacleRun/Content/Characters/Mannequins/Animations/Manny/MM_Fall_Loop.uexp" 236
"C:/Users/12105001/Desktop/UE4kadai/Kouhei_ObstacleRun/Content/Characters/Mannequins/Animations/Manny/MM_Jump.uasset" 237
"C:/Users/12105001/Desktop/UE4kadai/Kouhei_ObstacleRun/Content/Characters/Mannequins/Animations/Manny/MM_Jump.uexp" 238
"../../../Engine/Plugins/Animation/ControlRig/Content/Controls/DefaultGizmoLibrary.uasset" 239
"../../../Engine/Plugins/Animation/ControlRig/Content/Controls/DefaultGizmoLibrary.uexp" 240
"C:/Users/12105001/Desktop/UE4kadai/Kouhei_ObstacleRun/Content/Characters/Mannequins/Rigs/CR_Mannequin_BasicFootIK.uasset" 241
"C:/Users/12105001/Desktop/UE4kadai/Kouhei_ObstacleRun/Content/Characters/Mannequins/Rigs/CR_Mannequin_BasicFootIK.uexp" 242
"C:/Users/12105001/Desktop/UE4kadai/Kouhei_ObstacleRun/Content/Characters/Mannequins/Animations/Manny/MM_Run_Fwd.uasset" 243
"C:/Users/12105001/Desktop/UE4kadai/Kouhei_ObstacleRun/Content/Characters/Mannequins/Animations/Manny/MM_Run_Fwd.uexp" 244
"C:/Users/12105001/Desktop/UE4kadai/Kouhei_ObstacleRun/Content/Characters/Mannequins/Animations/Manny/MM_Walk_Fwd.uasset" 245
"C:/Users/12105001/Desktop/UE4kadai/Kouhei_ObstacleRun/Content/Characters/Mannequins/Animations/Manny/MM_Walk_Fwd.uexp" 246
"C:/Users/12105001/Desktop/UE4kadai/Kouhei_ObstacleRun/Content/Characters/Mannequins/Animations/Manny/BS_MM_WalkRun.uasset" 247
"C:/Users/12105001/Desktop/UE4kadai/Kouhei_ObstacleRun/Content/Characters/Mannequins/Animations/Manny/BS_MM_WalkRun.uexp" 248
"C:/Users/12105001/Desktop/UE4kadai/Kouhei_ObstacleRun/Content/Characters/Mannequins/Animations/Manny/MM_Land.uasset" 249
"C:/Users/12105001/Desktop/UE4kadai/Kouhei_ObstacleRun/Content/Characters/Mannequins/Animations/Manny/MM_Land.uexp" 250
"C:/Users/12105001/Desktop/UE4kadai/Kouhei_ObstacleRun/Content/Characters/Mannequins/Animations/Manny/MM_Idle.uasset" 251
"C:/Users/12105001/Desktop/UE4kadai/Kouhei_ObstacleRun/Content/Characters/Mannequins/Animations/Manny/MM_Idle.uexp" 252
"C:/Users/12105001/Desktop/UE4kadai/Kouhei_ObstacleRun/Content/Characters/Mannequins/Animations/ABP_Manny.uasset" 253
"C:/Users/12105001/Desktop/UE4kadai/Kouhei_ObstacleRun/Content/Characters/Mannequins/Animations/ABP_Manny.uexp" 254
"C:/Users/12105001/Desktop/UE4kadai/Kouhei_ObstacleRun/Content/Characters/Mannequins/Animations/ABP_Quinn.uasset" 255
"C:/Users/12105001/Desktop/UE4kadai/Kouhei_ObstacleRun/Content/Characters/Mannequins/Animations/ABP_Quinn.uexp" 256
"C:/Users/12105001/Desktop/UE4kadai/Kouhei_ObstacleRun/Content/ThirdPerson/Blueprints/BP_ThirdPersonCharacter.uasset" 257
"C:/Users/12105001/Desktop/UE4kadai/Kouhei_ObstacleRun/Content/ThirdPerson/Blueprints/BP_ThirdPersonCharacter.uexp" 258
"C:/Users/12105001/Desktop/UE4kadai/Kouhei_ObstacleRun/Content/Mapping/IA_Pause.uasset" 259
"C:/Users/12105001/Desktop/UE4kadai/Kouhei_ObstacleRun/Content/Mapping/IA_Pause.uexp" 260
"C:/Users/12105001/Desktop/UE4kadai/Kouhei_ObstacleRun/Content/Mapping/IA_Boost.uasset" 261
"C:/Users/12105001/Desktop/UE4kadai/Kouhei_ObstacleRun/Content/Mapping/IA_Boost.uexp" 262
"C:/Users/12105001/Desktop/UE4kadai/Kouhei_ObstacleRun/Content/Mapping/IA_Look.uasset" 263
"C:/Users/12105001/Desktop/UE4kadai/Kouhei_ObstacleRun/Content/Mapping/IA_Look.uexp" 264
"C:/Users/12105001/Desktop/UE4kadai/Kouhei_ObstacleRun/Content/Mapping/IA_Control.uasset" 265
"C:/Users/12105001/Desktop/UE4kadai/Kouhei_ObstacleRun/Content/Mapping/IA_Control.uexp" 266
"C:/Users/12105001/Desktop/UE4kadai/Kouhei_ObstacleRun/Content/Mapping/IM_Controls.uasset" 267
"C:/Users/12105001/Desktop/UE4kadai/Kouhei_ObstacleRun/Content/Mapping/IM_Controls.uexp" 268
"../../../Engine/Content/EngineMaterials/DefaultNormal.ubulk" 269
"../../../Engine/Content/EngineMaterials/DefaultNormal.uasset" 270
"../../../Engine/Content/EngineMaterials/DefaultNormal.uexp" 271
"../../../Engine/Plugins/Interchange/Runtime/Content/Materials/MapOrScalarFunction.uasset" 272
"../../../Engine/Plugins/Interchange/Runtime/Content/Materials/MapOrScalarFunction.uexp" 273
"../../../Engine/Plugins/Interchange/Runtime/Content/Materials/MapOrLinearColorFunction.uasset" 274
"../../../Engine/Plugins/Interchange/Runtime/Content/Materials/MapOrLinearColorFunction.uexp" 275
"../../../Engine/Plugins/Interchange/Runtime/Content/Materials/MapOrColorFunction.uasset" 276
"../../../Engine/Plugins/Interchange/Runtime/Content/Materials/MapOrColorFunction.uexp" 277
"../../../Engine/Content/EngineMaterials/BaseFlattenLinearColor.uasset" 278
"../../../Engine/Content/EngineMaterials/BaseFlattenLinearColor.uexp" 279
"../../../Engine/Plugins/Interchange/Runtime/Content/Materials/CommonMaterial.uasset" 280
"../../../Engine/Plugins/Interchange/Runtime/Content/Materials/CommonMaterial.uexp" 281
"../../../Engine/Plugins/Interchange/Runtime/Content/Materials/PBRSurfaceFunction.uasset" 282
"../../../Engine/Plugins/Interchange/Runtime/Content/Materials/PBRSurfaceFunction.uexp" 283
"../../../Engine/Plugins/Interchange/Runtime/Content/Materials/SubsurfaceMaterial.uasset" 284
"../../../Engine/Plugins/Interchange/Runtime/Content/Materials/SubsurfaceMaterial.uexp" 285
"../../../Engine/Plugins/Interchange/Runtime/Content/Materials/SheenMaterial.uasset" 286
"../../../Engine/Plugins/Interchange/Runtime/Content/Materials/SheenMaterial.uexp" 287
"../../../Engine/Plugins/Interchange/Runtime/Content/gltf/Textures/T_Gray_Linear.uasset" 288
"../../../Engine/Plugins/Interchange/Runtime/Content/gltf/Textures/T_Gray_Linear.uexp" 289
"../../../Engine/Plugins/Interchange/Runtime/Content/gltf/Textures/T_Black_srgb.uasset" 290
"../../../Engine/Plugins/Interchange/Runtime/Content/gltf/Textures/T_Black_srgb.uexp" 291
"../../../Engine/Plugins/Interchange/Runtime/Content/Materials/UnlitMaterial.uasset" 292
"../../../Engine/Plugins/Interchange/Runtime/Content/Materials/UnlitMaterial.uexp" 293
"../../../Engine/Plugins/Interchange/Runtime/Content/Materials/ThinTranslucentMaterial.uasset" 294
"../../../Engine/Plugins/Interchange/Runtime/Content/Materials/ThinTranslucentMaterial.uexp" 295
"../../../Engine/Content/Functions/Engine_MaterialFunctions01/Shading/ConvertFromDiffSpec.uasset" 296
"../../../Engine/Content/Functions/Engine_MaterialFunctions01/Shading/ConvertFromDiffSpec.uexp" 297
"../../../Engine/Plugins/Interchange/Runtime/Content/Materials/PhongSurfaceMaterial.uasset" 298
"../../../Engine/Plugins/Interchange/Runtime/Content/Materials/PhongSurfaceMaterial.uexp" 299
"../../../Engine/Plugins/Interchange/Runtime/Content/Materials/PBRSurfaceMaterial.uasset" 300
"../../../Engine/Plugins/Interchange/Runtime/Content/Materials/PBRSurfaceMaterial.uexp" 301
"../../../Engine/Content/EngineMaterials/FlatNormal.uasset" 302
"../../../Engine/Content/EngineMaterials/FlatNormal.uexp" 303
"../../../Engine/Plugins/Interchange/Runtime/Content/Functions/MF_OrenNayerView.uasset" 304
"../../../Engine/Plugins/Interchange/Runtime/Content/Functions/MF_OrenNayerView.uexp" 305
"../../../Engine/Content/EditorLandscapeResources/WhiteSquareTexture.uasset" 306
"../../../Engine/Content/EditorLandscapeResources/WhiteSquareTexture.uexp" 307
"../../../Engine/Plugins/Interchange/Runtime/Content/Functions/MF_SchlickApprox.uasset" 308
"../../../Engine/Plugins/Interchange/Runtime/Content/Functions/MF_SchlickApprox.uexp" 309
"../../../Engine/Plugins/Interchange/Runtime/Content/Utilities/New_LUT.uasset" 310
"../../../Engine/Plugins/Interchange/Runtime/Content/Utilities/New_LUT.uexp" 311
"../../../Engine/Content/Functions/Engine_MaterialFunctions03/Math/RemapValueRange.uasset" 312
"../../../Engine/Content/Functions/Engine_MaterialFunctions03/Math/RemapValueRange.uexp" 313
"../../../Engine/Plugins/Interchange/Runtime/Content/Functions/MF_Iridescence.uasset" 314
"../../../Engine/Plugins/Interchange/Runtime/Content/Functions/MF_Iridescence.uexp" 315
"../../../Engine/Plugins/Interchange/Runtime/Content/Materials/OrenNayerMaterial.uasset" 316
"../../../Engine/Plugins/Interchange/Runtime/Content/Materials/OrenNayerMaterial.uexp" 317
"../../../Engine/Plugins/Interchange/Runtime/Content/Materials/LambertSurfaceMaterial.uasset" 318
"../../../Engine/Plugins/Interchange/Runtime/Content/Materials/LambertSurfaceMaterial.uexp" 319
"../../../Engine/Plugins/Interchange/Runtime/Content/Materials/ClearCoatMaterial.uasset" 320
"../../../Engine/Plugins/Interchange/Runtime/Content/Materials/ClearCoatMaterial.uexp" 321
"../../../Engine/Plugins/Interchange/Runtime/Content/Pipelines/DefaultTexturePipeline.uasset" 322
"../../../Engine/Plugins/Interchange/Runtime/Content/Pipelines/DefaultTexturePipeline.uexp" 323
"../../../Engine/Plugins/Interchange/Runtime/Content/Pipelines/DefaultSceneLevelPipeline.uasset" 324
"../../../Engine/Plugins/Interchange/Runtime/Content/Pipelines/DefaultSceneLevelPipeline.uexp" 325
"../../../Engine/Plugins/Interchange/Runtime/Content/Pipelines/DefaultSceneAssetsPipeline.uasset" 326
"../../../Engine/Plugins/Interchange/Runtime/Content/Pipelines/DefaultSceneAssetsPipeline.uexp" 327
"../../../Engine/Plugins/Interchange/Runtime/Content/Pipelines/DefaultMaterialPipeline.uasset" 328
"../../../Engine/Plugins/Interchange/Runtime/Content/Pipelines/DefaultMaterialPipeline.uexp" 329
"../../../Engine/Plugins/Interchange/Runtime/Content/Pipelines/DefaultAssetsPipeline.uasset" 330
"../../../Engine/Plugins/Interchange/Runtime/Content/Pipelines/DefaultAssetsPipeline.uexp" 331
"../../../Engine/Content/EngineMaterials/DefaultMaterial.uasset" 332
"../../../Engine/Content/EngineMaterials/DefaultMaterial.uexp" 333
"../../../Engine/Content/BasicShapes/Sphere.ubulk" 334
"../../../Engine/Content/BasicShapes/Sphere.uasset" 335
"../../../Engine/Content/BasicShapes/Sphere.uexp" 336
"../../../Engine/Content/BasicShapes/Plane.ubulk" 337
"../../../Engine/Content/BasicShapes/Plane.uasset" 338
"../../../Engine/Content/BasicShapes/Plane.uexp" 339
"../../../Engine/Content/BasicShapes/Cone.ubulk" 340
"../../../Engine/Content/BasicShapes/Cone.uasset" 341
"../../../Engine/Content/BasicShapes/Cone.uexp" 342
"../../../Engine/Content/EditorLandscapeResources/DefaultAlphaTexture.uasset" 343
"../../../Engine/Content/EditorLandscapeResources/DefaultAlphaTexture.uexp" 344
"../../../Engine/Content/EditorLandscapeResources/DataLayer.uasset" 345
"../../../Engine/Content/EditorLandscapeResources/DataLayer.uexp" 346
"../../../Engine/Content/EditorMaterials/PreviewShadowIndicator.ubulk" 347
"../../../Engine/Content/EditorMaterials/PreviewShadowIndicator.uasset" 348
"../../../Engine/Content/EditorMaterials/PreviewShadowIndicator.uexp" 349
"../../../Engine/Content/EditorMaterials/PreviewShadowIndicatorMaterial.uasset" 350
"../../../Engine/Content/EditorMaterials/PreviewShadowIndicatorMaterial.uexp" 351
"../../../Engine/Content/EditorMaterials/PhAT_UnselectedMaterial.uasset" 352
"../../../Engine/Content/EditorMaterials/PhAT_UnselectedMaterial.uexp" 353
"../../../Engine/Content/EditorMaterials/PhAT_NoCollisionMaterial.uasset" 354
"../../../Engine/Content/EditorMaterials/PhAT_NoCollisionMaterial.uexp" 355
"../../../Engine/Content/Functions/Engine_MaterialFunctions02/Utility/MakeFloat4.uasset" 356
"../../../Engine/Content/Functions/Engine_MaterialFunctions02/Utility/MakeFloat4.uexp" 357
"../../../Engine/Content/Functions/Engine_MaterialFunctions02/Utility/MakeFloat3.uasset" 358
"../../../Engine/Content/Functions/Engine_MaterialFunctions02/Utility/MakeFloat3.uexp" 359
"../../../Engine/Content/Functions/Engine_MaterialFunctions02/Utility/BreakOutFloat3Components.uasset" 360
"../../../Engine/Content/Functions/Engine_MaterialFunctions02/Utility/BreakOutFloat3Components.uexp" 361
"../../../Engine/Content/EditorMaterials/WorldPartition/WorldPartitionSpatialHashGridPreviewMaterial.uasset" 362
"../../../Engine/Content/EditorMaterials/WorldPartition/WorldPartitionSpatialHashGridPreviewMaterial.uexp" 363
"../../../Engine/Content/EditorResources/S_Terrain.ubulk" 364
"../../../Engine/Content/EditorResources/S_Terrain.uasset" 365
"../../../Engine/Content/EditorResources/S_Terrain.uexp" 366
"../../../Engine/Content/EditorResources/EmptyActor.uasset" 367
"../../../Engine/Content/EditorResources/EmptyActor.uexp" 368
"../../../Engine/Content/EditorResources/BSPVertex.uasset" 369
"../../../Engine/Content/EditorResources/BSPVertex.uexp" 370
"../../../Engine/Content/EditorResources/SequenceRecorder/RecordingIndicator.uasset" 371
"../../../Engine/Content/EditorResources/SequenceRecorder/RecordingIndicator.uexp" 372
"../../../Engine/Content/EditorResources/SequenceRecorder/Countdown.uasset" 373
"../../../Engine/Content/EditorResources/SequenceRecorder/Countdown.uexp" 374
"../../../Engine/Content/EngineDamageTypes/DmgTypeBP_Environmental.uasset" 375
"../../../Engine/Content/EngineDamageTypes/DmgTypeBP_Environmental.uexp" 376
"../../../Engine/Content/Functions/Engine_MaterialFunctions02/Utility/CameraDirectionVector.uasset" 377
"../../../Engine/Content/Functions/Engine_MaterialFunctions02/Utility/CameraDirectionVector.uexp" 378
"../../../Engine/Content/EngineDebugMaterials/VolumeToRender.uasset" 379
"../../../Engine/Content/EngineDebugMaterials/VolumeToRender.uexp" 380
"../../../Engine/Content/EngineDebugMaterials/M_VolumeRenderSphereTracePP.uasset" 381
"../../../Engine/Content/EngineDebugMaterials/M_VolumeRenderSphereTracePP.uexp" 382
"../../../Engine/Content/EngineDebugMaterials/M_SimpleUnlitTranslucent.uasset" 383
"../../../Engine/Content/EngineDebugMaterials/M_SimpleUnlitTranslucent.uexp" 384
"../../../Engine/Content/EngineDebugMaterials/DebugMeshMaterial.uasset" 385
"../../../Engine/Content/EngineDebugMaterials/DebugMeshMaterial.uexp" 386
"../../../Engine/Content/EngineDebugMaterials/DebugEditorMaterial.uasset" 387
"../../../Engine/Content/EngineDebugMaterials/DebugEditorMaterial.uexp" 388
"../../../Engine/Content/EngineFonts/Faces/RobotoLight.uexp" 389
"../../../Engine/Content/EngineFonts/Faces/RobotoLight.uasset" 390
"../../../Engine/Content/EngineFonts/Faces/RobotoLight.ufont" 391
"../../../Engine/Content/EngineFonts/Faces/RobotoBold.uexp" 392
"../../../Engine/Content/EngineFonts/Faces/RobotoBold.uasset" 393
"../../../Engine/Content/EngineFonts/Faces/RobotoBold.ufont" 394
"../../../Engine/Content/EngineFonts/Faces/RobotoRegular.uexp" 395
"../../../Engine/Content/EngineFonts/Faces/RobotoRegular.uasset" 396
"../../../Engine/Content/EngineFonts/Faces/RobotoRegular.ufont" 397
"../../../Engine/Content/EngineFonts/Faces/DroidSansFallback.uexp" 398
"../../../Engine/Content/EngineFonts/Faces/DroidSansFallback.uasset" 399
"../../../Engine/Content/EngineFonts/Faces/DroidSansFallback.ufont" 400
"../../../Engine/Content/EngineFonts/Faces/RobotoItalic.uexp" 401
"../../../Engine/Content/EngineFonts/Faces/RobotoItalic.uasset" 402
"../../../Engine/Content/EngineFonts/Faces/RobotoItalic.ufont" 403
"../../../Engine/Content/EngineFonts/Faces/RobotoBoldItalic.uexp" 404
"../../../Engine/Content/EngineFonts/Faces/RobotoBoldItalic.uasset" 405
"../../../Engine/Content/EngineFonts/Faces/RobotoBoldItalic.ufont" 406
"../../../Engine/Content/EngineFonts/Roboto.uasset" 407
"../../../Engine/Content/EngineFonts/Roboto.uexp" 408
"../../../Engine/Content/EngineResources/WhiteSquareTexture.uasset" 409
"../../../Engine/Content/EngineResources/WhiteSquareTexture.uexp" 410
"../../../Engine/Content/EngineMaterials/Widget3DPassThrough.uasset" 411
"../../../Engine/Content/EngineMaterials/Widget3DPassThrough.uexp" 412
"../../../Engine/Content/EngineMaterials/Widget3DPassThrough_Translucent.uasset" 413
"../../../Engine/Content/EngineMaterials/Widget3DPassThrough_Translucent.uexp" 414
"../../../Engine/Content/EngineMaterials/Widget3DPassThrough_Translucent_OneSided.uasset" 415
"../../../Engine/Content/EngineMaterials/Widget3DPassThrough_Translucent_OneSided.uexp" 416
"../../../Engine/Content/EngineMaterials/Widget3DPassThrough_Opaque.uasset" 417
"../../../Engine/Content/EngineMaterials/Widget3DPassThrough_Opaque.uexp" 418
"../../../Engine/Content/EngineMaterials/Widget3DPassThrough_Opaque_OneSided.uasset" 419
"../../../Engine/Content/EngineMaterials/Widget3DPassThrough_Opaque_OneSided.uexp" 420
"../../../Engine/Content/EngineMaterials/Widget3DPassThrough_Masked_OneSided.uasset" 421
"../../../Engine/Content/EngineMaterials/Widget3DPassThrough_Masked_OneSided.uexp" 422
"../../../Engine/Content/EngineMaterials/Widget3DPassThrough_Masked.uasset" 423
"../../../Engine/Content/EngineMaterials/Widget3DPassThrough_Masked.uexp" 424
"../../../Engine/Plugins/Interchange/Runtime/Content/gltf/MaterialFunctions/MF_RotateV2.uasset" 425
"../../../Engine/Plugins/Interchange/Runtime/Content/gltf/MaterialFunctions/MF_RotateV2.uexp" 426
"../../../Engine/Plugins/Interchange/Runtime/Content/gltf/MaterialFunctions/MF_TransformUVs.uasset" 427
"../../../Engine/Plugins/Interchange/Runtime/Content/gltf/MaterialFunctions/MF_TransformUVs.uexp" 428
"../../../Engine/Plugins/Interchange/Runtime/Content/gltf/Textures/T_White_srgb.uasset" 429
"../../../Engine/Plugins/Interchange/Runtime/Content/gltf/Textures/T_White_srgb.uexp" 430
"../../../Engine/Plugins/Interchange/Runtime/Content/gltf/MaterialFunctions/MF_BaseColor.uasset" 431
"../../../Engine/Plugins/Interchange/Runtime/Content/gltf/MaterialFunctions/MF_BaseColor.uexp" 432
"../../../Engine/Plugins/Interchange/Runtime/Content/gltf/MaterialFunctions/MF_DiffuseSpecGloss.uasset" 433
"../../../Engine/Plugins/Interchange/Runtime/Content/gltf/MaterialFunctions/MF_DiffuseSpecGloss.uexp" 434
"../../../Engine/Plugins/Interchange/Runtime/Content/gltf/Textures/T_White_Linear.uasset" 435
"../../../Engine/Plugins/Interchange/Runtime/Content/gltf/Textures/T_White_Linear.uexp" 436
"../../../Engine/Plugins/Interchange/Runtime/Content/gltf/MaterialFunctions/MF_MetallicRoughness.uasset" 437
"../../../Engine/Plugins/Interchange/Runtime/Content/gltf/MaterialFunctions/MF_MetallicRoughness.uexp" 438
"../../../Engine/Content/Functions/Engine_MaterialFunctions02/Math/Transform3x3Matrix.uasset" 439
"../../../Engine/Content/Functions/Engine_MaterialFunctions02/Math/Transform3x3Matrix.uexp" 440
"../../../Engine/Plugins/Interchange/Runtime/Content/gltf/MaterialFunctions/MF_RotateNormals_TS.uasset" 441
"../../../Engine/Plugins/Interchange/Runtime/Content/gltf/MaterialFunctions/MF_RotateNormals_TS.uexp" 442
"../../../Engine/Plugins/Interchange/Runtime/Content/gltf/Textures/T_Generic_N.uasset" 443
"../../../Engine/Plugins/Interchange/Runtime/Content/gltf/Textures/T_Generic_N.uexp" 444
"../../../Engine/Plugins/Interchange/Runtime/Content/gltf/MaterialFunctions/MF_Clearcoat.uasset" 445
"../../../Engine/Plugins/Interchange/Runtime/Content/gltf/MaterialFunctions/MF_Clearcoat.uexp" 446
"../../../Engine/Plugins/Interchange/Runtime/Content/gltf/MaterialFunctions/MF_Occlusion.uasset" 447
"../../../Engine/Plugins/Interchange/Runtime/Content/gltf/MaterialFunctions/MF_Occlusion.uexp" 448
"../../../Engine/Plugins/Interchange/Runtime/Content/gltf/MaterialFunctions/MF_Emissive.uasset" 449
"../../../Engine/Plugins/Interchange/Runtime/Content/gltf/MaterialFunctions/MF_Emissive.uexp" 450
"../../../Engine/Plugins/Interchange/Runtime/Content/gltf/MaterialFunctions/MF_Specular.uasset" 451
"../../../Engine/Plugins/Interchange/Runtime/Content/gltf/MaterialFunctions/MF_Specular.uexp" 452
"../../../Engine/Plugins/Interchange/Runtime/Content/gltf/MaterialFunctions/MF_IOR.uasset" 453
"../../../Engine/Plugins/Interchange/Runtime/Content/gltf/MaterialFunctions/MF_IOR.uexp" 454
"../../../Engine/Content/Functions/Engine_MaterialFunctions01/Texturing/FlattenNormal.uasset" 455
"../../../Engine/Content/Functions/Engine_MaterialFunctions01/Texturing/FlattenNormal.uexp" 456
"../../../Engine/Plugins/Interchange/Runtime/Content/gltf/MaterialFunctions/MF_Normals.uasset" 457
"../../../Engine/Plugins/Interchange/Runtime/Content/gltf/MaterialFunctions/MF_Normals.uexp" 458
"../../../Engine/Content/Functions/Engine_MaterialFunctions02/Math/AddComponents.uasset" 459
"../../../Engine/Content/Functions/Engine_MaterialFunctions02/Math/AddComponents.uexp" 460
"../../../Engine/Plugins/Interchange/Runtime/Content/gltf/MaterialFunctions/MF_PerceivedBrightness.uasset" 461
"../../../Engine/Plugins/Interchange/Runtime/Content/gltf/MaterialFunctions/MF_PerceivedBrightness.uexp" 462
"../../../Engine/Plugins/Interchange/Runtime/Content/gltf/MaterialFunctions/MF_SpecGlossToMetalRoughness.uasset" 463
"../../../Engine/Plugins/Interchange/Runtime/Content/gltf/MaterialFunctions/MF_SpecGlossToMetalRoughness.uexp" 464
"../../../Engine/Plugins/Interchange/Runtime/Content/gltf/M_Translucent.uasset" 465
"../../../Engine/Plugins/Interchange/Runtime/Content/gltf/M_Translucent.uexp" 466
"../../../Engine/Plugins/Interchange/Runtime/Content/gltf/MaterialInstances_MR/MI_Translucent.uasset" 467
"../../../Engine/Plugins/Interchange/Runtime/Content/gltf/MaterialInstances_MR/MI_Translucent.uexp" 468
"../../../Engine/Content/EngineMaterials/STBlueNoise_vec2_128x128x64.uasset" 469
"../../../Engine/Content/EngineMaterials/STBlueNoise_vec2_128x128x64.uexp" 470
"../../../Engine/Content/EngineMaterials/STBlueNoise_scalar_128x128x64.uasset" 471
"../../../Engine/Content/EngineMaterials/STBlueNoise_scalar_128x128x64.uexp" 472
"../../../Engine/Content/EngineMaterials/RemoveSurfaceMaterial.uasset" 473
"../../../Engine/Content/EngineMaterials/RemoveSurfaceMaterial.uexp" 474
"../../../Engine/Plugins/Interchange/Runtime/Content/gltf/M_Unlit.uasset" 475
"../../../Engine/Plugins/Interchange/Runtime/Content/gltf/M_Unlit.uexp" 476
"../../../Engine/Plugins/Interchange/Runtime/Content/gltf/MaterialInstances_MR/MI_Opaque_Unlit.uasset" 477
"../../../Engine/Plugins/Interchange/Runtime/Content/gltf/MaterialInstances_MR/MI_Opaque_Unlit.uexp" 478
"../../../Engine/Content/EngineMaterials/DefaultCalibrationGrayscale.uasset" 479
"../../../Engine/Content/EngineMaterials/DefaultCalibrationGrayscale.uexp" 480
"../../../Engine/Content/EngineMaterials/PPM_DefaultCalibrationGrayscale.uasset" 481
"../../../Engine/Content/EngineMaterials/PPM_DefaultCalibrationGrayscale.uexp" 482
"../../../Engine/Content/EngineMaterials/DefaultCalibrationColor.uasset" 483
"../../../Engine/Content/EngineMaterials/DefaultCalibrationColor.uexp" 484
"../../../Engine/Content/EngineMaterials/PPM_DefaultCalibrationColor.uasset" 485
"../../../Engine/Content/EngineMaterials/PPM_DefaultCalibrationColor.uexp" 486
"../../../Engine/Content/Functions/Engine_MaterialFunctions02/WorldPositionOffset/CameraOffset.uasset" 487
"../../../Engine/Content/Functions/Engine_MaterialFunctions02/WorldPositionOffset/CameraOffset.uexp" 488
"../../../Engine/Content/EngineMaterials/PhAT_JointLimitMaterial.uasset" 489
"../../../Engine/Content/EngineMaterials/PhAT_JointLimitMaterial.uexp" 490
"../../../Engine/Content/EngineMaterials/InvalidLightmapSettings.ubulk" 491
"../../../Engine/Content/EngineMaterials/InvalidLightmapSettings.uasset" 492
"../../../Engine/Content/EngineMaterials/InvalidLightmapSettings.uexp" 493
"../../../Engine/Content/EngineMaterials/M_InvalidLightmapSettings.uasset" 494
"../../../Engine/Content/EngineMaterials/M_InvalidLightmapSettings.uexp" 495
"../../../Engine/Plugins/Interchange/Runtime/Content/gltf/MaterialInstances_MR/MI_Opaque_Unlit_TS.uasset" 496
"../../../Engine/Plugins/Interchange/Runtime/Content/gltf/MaterialInstances_MR/MI_Opaque_Unlit_TS.uexp" 497
"../../../Engine/Plugins/Interchange/Runtime/Content/gltf/MaterialFunctions/MF_Sheen.uasset" 498
"../../../Engine/Plugins/Interchange/Runtime/Content/gltf/MaterialFunctions/MF_Sheen.uexp" 499
"../../../Engine/Content/Functions/Engine_MaterialFunctions01/Shading/FuzzyShading.uasset" 500
"../../../Engine/Content/Functions/Engine_MaterialFunctions01/Shading/FuzzyShading.uexp" 501
"../../../Engine/Plugins/Interchange/Runtime/Content/gltf/M_Sheen.uasset" 502
"../../../Engine/Plugins/Interchange/Runtime/Content/gltf/M_Sheen.uexp" 503
"../../../Engine/Plugins/Interchange/Runtime/Content/gltf/MaterialInstances_SG/MI_Opaque_Sheen.uasset" 504
"../../../Engine/Plugins/Interchange/Runtime/Content/gltf/MaterialInstances_SG/MI_Opaque_Sheen.uexp" 505
"../../../Engine/Plugins/Interchange/Runtime/Content/gltf/MaterialInstances_MR/MI_Opaque_Sheen_TS.uasset" 506
"../../../Engine/Plugins/Interchange/Runtime/Content/gltf/MaterialInstances_MR/MI_Opaque_Sheen_TS.uexp" 507
"../../../Engine/Content/EngineMaterials/GizmoMaterial.uasset" 508
"../../../Engine/Content/EngineMaterials/GizmoMaterial.uexp" 509
"../../../Engine/Content/EngineMaterials/BaseFlattenEmissiveMap_VT.uasset" 510
"../../../Engine/Content/EngineMaterials/BaseFlattenEmissiveMap_VT.uexp" 511
"../../../Engine/Content/EngineMaterials/BaseFlattenGrayscaleMap_VT.uasset" 512
"../../../Engine/Content/EngineMaterials/BaseFlattenGrayscaleMap_VT.uexp" 513
"../../../Engine/Content/EngineMaterials/BaseFlattenLinearColor_VT.uasset" 514
"../../../Engine/Content/EngineMaterials/BaseFlattenLinearColor_VT.uexp" 515
"../../../Engine/Content/EngineMaterials/Black_1x1_EXR_Texture_VT.uasset" 516
"../../../Engine/Content/EngineMaterials/Black_1x1_EXR_Texture_VT.uexp" 517
"../../../Engine/Content/EngineMaterials/BaseFlattenDiffuseMap_VT.uasset" 518
"../../../Engine/Content/EngineMaterials/BaseFlattenDiffuseMap_VT.uexp" 519
"../../../Engine/Content/EngineMaterials/BaseFlattenNormalMap_VT.uasset" 520
"../../../Engine/Content/EngineMaterials/BaseFlattenNormalMap_VT.uexp" 521
"../../../Engine/Content/EngineMaterials/FlattenMaterial_WS_Normal_VT.uasset" 522
"../../../Engine/Content/EngineMaterials/FlattenMaterial_WS_Normal_VT.uexp" 523
"../../../Engine/Content/EngineMaterials/FlattenMaterial_VT.uasset" 524
"../../../Engine/Content/EngineMaterials/FlattenMaterial_VT.uexp" 525
"../../../Engine/Content/EngineMaterials/BaseFlattenNormalMap.uasset" 526
"../../../Engine/Content/EngineMaterials/BaseFlattenNormalMap.uexp" 527
"../../../Engine/Content/EngineMaterials/BaseFlattenGrayscaleMap.uasset" 528
"../../../Engine/Content/EngineMaterials/BaseFlattenGrayscaleMap.uexp" 529
"../../../Engine/Content/EngineMaterials/BaseFlattenDiffuseMap.uasset" 530
"../../../Engine/Content/EngineMaterials/BaseFlattenDiffuseMap.uexp" 531
"../../../Engine/Content/Functions/Engine_MaterialFunctions02/PivotPainter2/Black_1x1_EXR_Texture.uasset" 532
"../../../Engine/Content/Functions/Engine_MaterialFunctions02/PivotPainter2/Black_1x1_EXR_Texture.uexp" 533
"../../../Engine/Content/EngineMaterials/BaseFlattenEmissiveMap.uasset" 534
"../../../Engine/Content/EngineMaterials/BaseFlattenEmissiveMap.uexp" 535
"../../../Engine/Content/EngineMaterials/FlattenMaterial.uasset" 536
"../../../Engine/Content/EngineMaterials/FlattenMaterial.uexp" 537
"../../../Engine/Content/EngineMaterials/DefaultWhiteGrid_Low.uasset" 538
"../../../Engine/Content/EngineMaterials/DefaultWhiteGrid_Low.uexp" 539
"../../../Engine/Content/EngineMaterials/EmissiveMeshMaterial.uasset" 540
"../../../Engine/Content/EngineMaterials/EmissiveMeshMaterial.uexp" 541
"../../../Engine/Plugins/Interchange/Runtime/Content/gltf/M_Opaque.uasset" 542
"../../../Engine/Plugins/Interchange/Runtime/Content/gltf/M_Opaque.uexp" 543
"../../../Engine/Plugins/Interchange/Runtime/Content/gltf/MaterialInstances_SG/MI_Opaque_ClearCoat_TS.uasset" 544
"../../../Engine/Plugins/Interchange/Runtime/Content/gltf/MaterialInstances_SG/MI_Opaque_ClearCoat_TS.uexp" 545
"../../../Engine/Plugins/Interchange/Runtime/Content/gltf/MaterialInstances_MR/MI_Translucent_ClearCoat.uasset" 546
"../../../Engine/Plugins/Interchange/Runtime/Content/gltf/MaterialInstances_MR/MI_Translucent_ClearCoat.uexp" 547
"../../../Engine/Content/EngineFonts/RobotoDistanceField.uasset" 548
"../../../Engine/Content/EngineFonts/RobotoDistanceField.uexp" 549
"../../../Engine/Content/EngineMaterials/DefaultTextMaterialOpaque.uasset" 550
"../../../Engine/Content/EngineMaterials/DefaultTextMaterialOpaque.uexp" 551
"../../../Engine/Content/EngineMaterials/DefaultDiffuse.ubulk" 552
"../../../Engine/Content/EngineMaterials/DefaultDiffuse.uasset" 553
"../../../Engine/Content/EngineMaterials/DefaultDiffuse.uexp" 554
"../../../Engine/Content/EngineMaterials/DefaultPostProcessMaterial.uasset" 555
"../../../Engine/Content/EngineMaterials/DefaultPostProcessMaterial.uexp" 556
"../../../Engine/Content/EngineMaterials/DefaultPhysicalMaterial.uasset" 557
"../../../Engine/Content/EngineMaterials/DefaultPhysicalMaterial.uexp" 558
"../../../Engine/Plugins/Runtime/MeshModelingToolset/Content/Materials/M_DynamicMeshComponentVtxColor.uasset" 559
"../../../Engine/Plugins/Runtime/MeshModelingToolset/Content/Materials/M_DynamicMeshComponentVtxColor.uexp" 560
"../../../Engine/Content/EngineMaterials/DefaultDestructiblePhysicalMaterial.uasset" 561
"../../../Engine/Content/EngineMaterials/DefaultDestructiblePhysicalMaterial.uexp" 562
"../../../Engine/Content/EngineMaterials/DefaultDeferredDecalMaterial.uasset" 563
"../../../Engine/Content/EngineMaterials/DefaultDeferredDecalMaterial.uexp" 564
"../../../Engine/Plugins/Interchange/Runtime/Content/gltf/MaterialInstances_MR/MI_Opaque_TS.uasset" 565
"../../../Engine/Plugins/Interchange/Runtime/Content/gltf/MaterialInstances_MR/MI_Opaque_TS.uexp" 566
"../../../Engine/Content/EngineMaterials/DefaultBloomKernel.uasset" 567
"../../../Engine/Content/EngineMaterials/DefaultBloomKernel.uexp" 568
"../../../Engine/Plugins/Interchange/Runtime/Content/gltf/MaterialInstances_MR/MI_Opaque_Sheen.uasset" 569
"../../../Engine/Plugins/Interchange/Runtime/Content/gltf/MaterialInstances_MR/MI_Opaque_Sheen.uexp" 570
"../../../Engine/Plugins/Interchange/Runtime/Content/gltf/MaterialInstances_MR/MI_Opaque_ClearCoat_TS.uasset" 571
"../../../Engine/Plugins/Interchange/Runtime/Content/gltf/MaterialInstances_MR/MI_Opaque_ClearCoat_TS.uexp" 572
"../../../Engine/Plugins/Interchange/Runtime/Content/gltf/MaterialInstances_SG/MI_Translucent_ClearCoat_TS.uasset" 573
"../../../Engine/Plugins/Interchange/Runtime/Content/gltf/MaterialInstances_SG/MI_Translucent_ClearCoat_TS.uexp" 574
"../../../Engine/Plugins/Interchange/Runtime/Content/gltf/MaterialInstances_MR/MI_Opaque_ClearCoat.uasset" 575
"../../../Engine/Plugins/Interchange/Runtime/Content/gltf/MaterialInstances_MR/MI_Opaque_ClearCoat.uexp" 576
"../../../Engine/Plugins/Interchange/Runtime/Content/gltf/MaterialInstances_SG/MI_Translucent_ClearCoat.uasset" 577
"../../../Engine/Plugins/Interchange/Runtime/Content/gltf/MaterialInstances_SG/MI_Translucent_ClearCoat.uexp" 578
"../../../Engine/Plugins/Interchange/Runtime/Content/gltf/MaterialInstances_MR/MI_Opaque.uasset" 579
"../../../Engine/Plugins/Interchange/Runtime/Content/gltf/MaterialInstances_MR/MI_Opaque.uexp" 580
"../../../Engine/Plugins/Interchange/Runtime/Content/gltf/MaterialInstances_SG/MI_Translucent.uasset" 581
"../../../Engine/Plugins/Interchange/Runtime/Content/gltf/MaterialInstances_SG/MI_Translucent.uexp" 582
"../../../Engine/Plugins/Interchange/Runtime/Content/gltf/MaterialFunctions/MF_Transmission.uasset" 583
"../../../Engine/Plugins/Interchange/Runtime/Content/gltf/MaterialFunctions/MF_Transmission.uexp" 584
"../../../Engine/Content/Functions/Engine_MaterialFunctions02/Texturing/CustomRotator.uasset" 585
"../../../Engine/Content/Functions/Engine_MaterialFunctions02/Texturing/CustomRotator.uexp" 586
"../../../Engine/Content/Functions/Engine_MaterialFunctions02/Texturing/ScreenAlignedPixelToPixelUVs.uasset" 587
"../../../Engine/Content/Functions/Engine_MaterialFunctions02/Texturing/ScreenAlignedPixelToPixelUVs.uexp" 588
"../../../Engine/Plugins/Interchange/Runtime/Content/Utilities/T_Bayer64_Grayscale_64px.uasset" 589
"../../../Engine/Plugins/Interchange/Runtime/Content/Utilities/T_Bayer64_Grayscale_64px.uexp" 590
"../../../Engine/Plugins/Interchange/Runtime/Content/gltf/MaterialFunctions/MF_Temporal_Blur.uasset" 591
"../../../Engine/Plugins/Interchange/Runtime/Content/gltf/MaterialFunctions/MF_Temporal_Blur.uexp" 592
"../../../Engine/Plugins/Interchange/Runtime/Content/gltf/MaterialFunctions/MF_Fresnel_DS.uasset" 593
"../../../Engine/Plugins/Interchange/Runtime/Content/gltf/MaterialFunctions/MF_Fresnel_DS.uexp" 594
"../../../Engine/Plugins/Interchange/Runtime/Content/gltf/M_Transmission.uasset" 595
"../../../Engine/Plugins/Interchange/Runtime/Content/gltf/M_Transmission.uexp" 596
"../../../Engine/Plugins/Interchange/Runtime/Content/gltf/MaterialInstances_SG/MI_Transmission_TS.uasset" 597
"../../../Engine/Plugins/Interchange/Runtime/Content/gltf/MaterialInstances_SG/MI_Transmission_TS.uexp" 598
"../../../Engine/Plugins/Interchange/Runtime/Content/gltf/MaterialInstances_SG/MI_Opaque_TS.uasset" 599
"../../../Engine/Plugins/Interchange/Runtime/Content/gltf/MaterialInstances_SG/MI_Opaque_TS.uexp" 600
"../../../Engine/Plugins/Interchange/Runtime/Content/gltf/MaterialInstances_SG/MI_Transmission.uasset" 601
"../../../Engine/Plugins/Interchange/Runtime/Content/gltf/MaterialInstances_SG/MI_Transmission.uexp" 602
"../../../Engine/Plugins/Interchange/Runtime/Content/gltf/MaterialInstances_SG/MI_Opaque_Sheen_TS.uasset" 603
"../../../Engine/Plugins/Interchange/Runtime/Content/gltf/MaterialInstances_SG/MI_Opaque_Sheen_TS.uexp" 604
"../../../Engine/Content/EngineResources/FilmGrains/Marcie_Grain_v3_128_M2_000.uasset" 605
"../../../Engine/Content/EngineResources/FilmGrains/Marcie_Grain_v3_128_M2_000.uexp" 606
"../../../Engine/Content/EngineSky/VolumetricClouds/CloudWeatherTexture.uasset" 607
"../../../Engine/Content/EngineSky/VolumetricClouds/CloudWeatherTexture.uexp" 608
"../../../Engine/Content/Functions/Engine_MaterialFunctions02/Utility/MakeFloat2.uasset" 609
"../../../Engine/Content/Functions/Engine_MaterialFunctions02/Utility/MakeFloat2.uexp" 610
"../../../Engine/Content/EngineSky/VolumetricClouds/CloudGradientTexture.uasset" 611
"../../../Engine/Content/EngineSky/VolumetricClouds/CloudGradientTexture.uexp" 612
"../../../Engine/Content/EngineSky/VolumetricClouds/T_NoiseShape64.ubulk" 613
"../../../Engine/Content/EngineSky/VolumetricClouds/T_NoiseShape64.uasset" 614
"../../../Engine/Content/EngineSky/VolumetricClouds/T_NoiseShape64.uexp" 615
"../../../Engine/Content/EngineSky/VolumetricClouds/T_VolumeNoiseShape64.uasset" 616
"../../../Engine/Content/EngineSky/VolumetricClouds/T_VolumeNoiseShape64.uexp" 617
"../../../Engine/Content/EngineSky/VolumetricClouds/T_NoiseErosion.ubulk" 618
"../../../Engine/Content/EngineSky/VolumetricClouds/T_NoiseErosion.uasset" 619
"../../../Engine/Content/EngineSky/VolumetricClouds/T_NoiseErosion.uexp" 620
"../../../Engine/Content/EngineSky/VolumetricClouds/T_VolumeNoiseErosion32.uasset" 621
"../../../Engine/Content/EngineSky/VolumetricClouds/T_VolumeNoiseErosion32.uexp" 622
"../../../Engine/Content/EngineSky/VolumetricClouds/m_SimpleVolumetricCloud.uasset" 623
"../../../Engine/Content/EngineSky/VolumetricClouds/m_SimpleVolumetricCloud.uexp" 624
"../../../Engine/Content/EngineSky/VolumetricClouds/m_SimpleVolumetricCloud_Inst.uasset" 625
"../../../Engine/Content/EngineSky/VolumetricClouds/m_SimpleVolumetricCloud_Inst.uexp" 626
"../../../Engine/Content/EngineSounds/Master.uasset" 627
"../../../Engine/Content/EngineSounds/Master.uexp" 628
"../../../Engine/Content/Functions/Engine_MaterialFunctions01/Shading/PowerToRoughness.uasset" 629
"../../../Engine/Content/Functions/Engine_MaterialFunctions01/Shading/PowerToRoughness.uexp" 630
"../../../Engine/Plugins/Interchange/Runtime/Content/gltf/MaterialInstances_SG/MI_Translucent_TS.uasset" 631
"../../../Engine/Plugins/Interchange/Runtime/Content/gltf/MaterialInstances_SG/MI_Translucent_TS.uexp" 632
"../../../Engine/Content/MobileResources/HUD/VirtualJoystick_Background.uasset" 633
"../../../Engine/Content/MobileResources/HUD/VirtualJoystick_Background.uexp" 634
"../../../Engine/Content/MobileResources/HUD/VirtualJoystick_Thumb.uasset" 635
"../../../Engine/Content/MobileResources/HUD/VirtualJoystick_Thumb.uexp" 636
"../../../Engine/Content/MobileResources/HUD/DefaultVirtualJoysticks.uasset" 637
"../../../Engine/Content/MobileResources/HUD/DefaultVirtualJoysticks.uexp" 638
"../../../Engine/Plugins/2D/Paper2D/Content/PlaceholderTextures/DummySpriteTexture.ubulk" 639
"../../../Engine/Plugins/2D/Paper2D/Content/PlaceholderTextures/DummySpriteTexture.uasset" 640
"../../../Engine/Plugins/2D/Paper2D/Content/PlaceholderTextures/DummySpriteTexture.uexp" 641
"../../../Engine/Plugins/2D/Paper2D/Content/DefaultSpriteMaterial.uasset" 642
"../../../Engine/Plugins/2D/Paper2D/Content/DefaultSpriteMaterial.uexp" 643
"../../../Engine/Plugins/2D/Paper2D/Content/OpaqueUnlitSpriteMaterial.uasset" 644
"../../../Engine/Plugins/2D/Paper2D/Content/OpaqueUnlitSpriteMaterial.uexp" 645
"../../../Engine/Plugins/2D/Paper2D/Content/MaskedUnlitSpriteMaterial.uasset" 646
"../../../Engine/Plugins/2D/Paper2D/Content/MaskedUnlitSpriteMaterial.uexp" 647
"../../../Engine/Plugins/2D/Paper2D/Content/DummySprite.uasset" 648
"../../../Engine/Plugins/2D/Paper2D/Content/DummySprite.uexp" 649
"../../../Engine/Plugins/2D/Paper2D/Content/DefaultPaperTerrainMaterial.uasset" 650
"../../../Engine/Plugins/2D/Paper2D/Content/DefaultPaperTerrainMaterial.uexp" 651
"../../../Engine/Plugins/Animation/ControlRig/Content/M_Manip.uasset" 652
"../../../Engine/Plugins/Animation/ControlRig/Content/M_Manip.uexp" 653
"../../../Engine/Plugins/Animation/ControlRig/Content/Controls/DefaultGizmoLibraryNormalized.uasset" 654
"../../../Engine/Plugins/Animation/ControlRig/Content/Controls/DefaultGizmoLibraryNormalized.uexp" 655
"../../../Engine/Plugins/Animation/ControlRig/Content/Controls/ControlRig_Wedge_solid.ubulk" 656
"../../../Engine/Plugins/Animation/ControlRig/Content/Controls/ControlRig_Wedge_solid.uasset" 657
"../../../Engine/Plugins/Animation/ControlRig/Content/Controls/ControlRig_Wedge_solid.uexp" 658
"../../../Engine/Plugins/Animation/ControlRig/Content/Controls/ControlRig_Wedge_3mm.ubulk" 659
"../../../Engine/Plugins/Animation/ControlRig/Content/Controls/ControlRig_Wedge_3mm.uasset" 660
"../../../Engine/Plugins/Animation/ControlRig/Content/Controls/ControlRig_Wedge_3mm.uexp" 661
"../../../Engine/Plugins/Animation/ControlRig/Content/Controls/ControlRig_Wedge_1mm.ubulk" 662
"../../../Engine/Plugins/Animation/ControlRig/Content/Controls/ControlRig_Wedge_1mm.uasset" 663
"../../../Engine/Plugins/Animation/ControlRig/Content/Controls/ControlRig_Wedge_1mm.uexp" 664
"../../../Engine/Plugins/Animation/ControlRig/Content/Controls/ControlRig_Triangle_solid.ubulk" 665
"../../../Engine/Plugins/Animation/ControlRig/Content/Controls/ControlRig_Triangle_solid.uasset" 666
"../../../Engine/Plugins/Animation/ControlRig/Content/Controls/ControlRig_Triangle_solid.uexp" 667
"../../../Engine/Plugins/Animation/ControlRig/Content/Controls/ControlRig_Triangle_3mm.ubulk" 668
"../../../Engine/Plugins/Animation/ControlRig/Content/Controls/ControlRig_Triangle_3mm.uasset" 669
"../../../Engine/Plugins/Animation/ControlRig/Content/Controls/ControlRig_Triangle_3mm.uexp" 670
"../../../Engine/Plugins/Animation/ControlRig/Content/Controls/ControlRig_Triangle_1mm.ubulk" 671
"../../../Engine/Plugins/Animation/ControlRig/Content/Controls/ControlRig_Triangle_1mm.uasset" 672
"../../../Engine/Plugins/Animation/ControlRig/Content/Controls/ControlRig_Triangle_1mm.uexp" 673
"../../../Engine/Plugins/Animation/ControlRig/Content/Controls/ControlRig_Star4_solid.ubulk" 674
"../../../Engine/Plugins/Animation/ControlRig/Content/Controls/ControlRig_Star4_solid.uasset" 675
"../../../Engine/Plugins/Animation/ControlRig/Content/Controls/ControlRig_Star4_solid.uexp" 676
"../../../Engine/Plugins/Animation/ControlRig/Content/Controls/ControlRig_Star4_3mm.ubulk" 677
"../../../Engine/Plugins/Animation/ControlRig/Content/Controls/ControlRig_Star4_3mm.uasset" 678
"../../../Engine/Plugins/Animation/ControlRig/Content/Controls/ControlRig_Star4_3mm.uexp" 679
"../../../Engine/Plugins/Animation/ControlRig/Content/Controls/ControlRig_Star4_1mm.ubulk" 680
"../../../Engine/Plugins/Animation/ControlRig/Content/Controls/ControlRig_Star4_1mm.uasset" 681
"../../../Engine/Plugins/Animation/ControlRig/Content/Controls/ControlRig_Star4_1mm.uexp" 682
"../../../Engine/Plugins/Animation/ControlRig/Content/Controls/ControlRig_Square_solid.ubulk" 683
"../../../Engine/Plugins/Animation/ControlRig/Content/Controls/ControlRig_Square_solid.uasset" 684
"../../../Engine/Plugins/Animation/ControlRig/Content/Controls/ControlRig_Square_solid.uexp" 685
"../../../Engine/Plugins/Animation/ControlRig/Content/Controls/ControlRig_Square_3mm.ubulk" 686
"../../../Engine/Plugins/Animation/ControlRig/Content/Controls/ControlRig_Square_3mm.uasset" 687
"../../../Engine/Plugins/Animation/ControlRig/Content/Controls/ControlRig_Square_3mm.uexp" 688
"../../../Engine/Plugins/Animation/ControlRig/Content/Controls/ControlRig_Square_1mm.ubulk" 689
"../../../Engine/Plugins/Animation/ControlRig/Content/Controls/ControlRig_Square_1mm.uasset" 690
"../../../Engine/Plugins/Animation/ControlRig/Content/Controls/ControlRig_Square_1mm.uexp" 691
"../../../Engine/Plugins/Animation/ControlRig/Content/Controls/ControlRig_Sphere_solid.ubulk" 692
"../../../Engine/Plugins/Animation/ControlRig/Content/Controls/ControlRig_Sphere_solid.uasset" 693
"../../../Engine/Plugins/Animation/ControlRig/Content/Controls/ControlRig_Sphere_solid.uexp" 694
"../../../Engine/Plugins/Animation/ControlRig/Content/Controls/ControlRig_Sphere_3mm.ubulk" 695
"../../../Engine/Plugins/Animation/ControlRig/Content/Controls/ControlRig_Sphere_3mm.uasset" 696
"../../../Engine/Plugins/Animation/ControlRig/Content/Controls/ControlRig_Sphere_3mm.uexp" 697
"../../../Engine/Plugins/Animation/ControlRig/Content/Controls/ControlRig_Sphere_1mm.ubulk" 698
"../../../Engine/Plugins/Animation/ControlRig/Content/Controls/ControlRig_Sphere_1mm.uasset" 699
"../../../Engine/Plugins/Animation/ControlRig/Content/Controls/ControlRig_Sphere_1mm.uexp" 700
"../../../Engine/Plugins/Animation/ControlRig/Content/Controls/ControlRig_RoundedTriangle_solid.ubulk" 701
"../../../Engine/Plugins/Animation/ControlRig/Content/Controls/ControlRig_RoundedTriangle_solid.uasset" 702
"../../../Engine/Plugins/Animation/ControlRig/Content/Controls/ControlRig_RoundedTriangle_solid.uexp" 703
"../../../Engine/Plugins/Animation/ControlRig/Content/Controls/ControlRig_RoundedTriangle_3mm.ubulk" 704
"../../../Engine/Plugins/Animation/ControlRig/Content/Controls/ControlRig_RoundedTriangle_3mm.uasset" 705
"../../../Engine/Plugins/Animation/ControlRig/Content/Controls/ControlRig_RoundedTriangle_3mm.uexp" 706
"../../../Engine/Plugins/Animation/ControlRig/Content/Controls/ControlRig_RoundedTriangle_1mm.ubulk" 707
"../../../Engine/Plugins/Animation/ControlRig/Content/Controls/ControlRig_RoundedTriangle_1mm.uasset" 708
"../../../Engine/Plugins/Animation/ControlRig/Content/Controls/ControlRig_RoundedTriangle_1mm.uexp" 709
"../../../Engine/Plugins/Animation/ControlRig/Content/Controls/ControlRig_RoundedSquare_solid.ubulk" 710
"../../../Engine/Plugins/Animation/ControlRig/Content/Controls/ControlRig_RoundedSquare_solid.uasset" 711
"../../../Engine/Plugins/Animation/ControlRig/Content/Controls/ControlRig_RoundedSquare_solid.uexp" 712
"../../../Engine/Plugins/Animation/ControlRig/Content/Controls/ControlRig_RoundedSquare_3mm.ubulk" 713
"../../../Engine/Plugins/Animation/ControlRig/Content/Controls/ControlRig_RoundedSquare_3mm.uasset" 714
"../../../Engine/Plugins/Animation/ControlRig/Content/Controls/ControlRig_RoundedSquare_3mm.uexp" 715
"../../../Engine/Plugins/Animation/ControlRig/Content/Controls/ControlRig_RoundedSquare_1mm.ubulk" 716
"../../../Engine/Plugins/Animation/ControlRig/Content/Controls/ControlRig_RoundedSquare_1mm.uasset" 717
"../../../Engine/Plugins/Animation/ControlRig/Content/Controls/ControlRig_RoundedSquare_1mm.uexp" 718
"../../../Engine/Plugins/Animation/ControlRig/Content/Controls/ControlRig_QuarterCircle_solid.ubulk" 719
"../../../Engine/Plugins/Animation/ControlRig/Content/Controls/ControlRig_QuarterCircle_solid.uasset" 720
"../../../Engine/Plugins/Animation/ControlRig/Content/Controls/ControlRig_QuarterCircle_solid.uexp" 721
"../../../Engine/Plugins/Animation/ControlRig/Content/Controls/ControlRig_QuarterCircle_3mm.ubulk" 722
"../../../Engine/Plugins/Animation/ControlRig/Content/Controls/ControlRig_QuarterCircle_3mm.uasset" 723
"../../../Engine/Plugins/Animation/ControlRig/Content/Controls/ControlRig_QuarterCircle_3mm.uexp" 724
"../../../Engine/Plugins/Animation/ControlRig/Content/Controls/ControlRig_QuarterCircle_1mm.ubulk" 725
"../../../Engine/Plugins/Animation/ControlRig/Content/Controls/ControlRig_QuarterCircle_1mm.uasset" 726
"../../../Engine/Plugins/Animation/ControlRig/Content/Controls/ControlRig_QuarterCircle_1mm.uexp" 727
"../../../Engine/Plugins/Animation/ControlRig/Content/Controls/ControlRig_Pyramid_solid.ubulk" 728
"../../../Engine/Plugins/Animation/ControlRig/Content/Controls/ControlRig_Pyramid_solid.uasset" 729
"../../../Engine/Plugins/Animation/ControlRig/Content/Controls/ControlRig_Pyramid_solid.uexp" 730
"../../../Engine/Plugins/Animation/ControlRig/Content/Controls/ControlRig_Pyramid_3mm.ubulk" 731
"../../../Engine/Plugins/Animation/ControlRig/Content/Controls/ControlRig_Pyramid_3mm.uasset" 732
"../../../Engine/Plugins/Animation/ControlRig/Content/Controls/ControlRig_Pyramid_3mm.uexp" 733
"../../../Engine/Plugins/Animation/ControlRig/Content/Controls/ControlRig_Pyramid_1mm.ubulk" 734
"../../../Engine/Plugins/Animation/ControlRig/Content/Controls/ControlRig_Pyramid_1mm.uasset" 735
"../../../Engine/Plugins/Animation/ControlRig/Content/Controls/ControlRig_Pyramid_1mm.uexp" 736
"../../../Engine/Plugins/Animation/ControlRig/Content/Controls/ControlRig_Octagon_solid.ubulk" 737
"../../../Engine/Plugins/Animation/ControlRig/Content/Controls/ControlRig_Octagon_solid.uasset" 738
"../../../Engine/Plugins/Animation/ControlRig/Content/Controls/ControlRig_Octagon_solid.uexp" 739
"../../../Engine/Plugins/Animation/ControlRig/Content/Controls/ControlRig_Octagon_3mm.ubulk" 740
"../../../Engine/Plugins/Animation/ControlRig/Content/Controls/ControlRig_Octagon_3mm.uasset" 741
"../../../Engine/Plugins/Animation/ControlRig/Content/Controls/ControlRig_Octagon_3mm.uexp" 742
"../../../Engine/Plugins/Animation/ControlRig/Content/Controls/ControlRig_Octagon_1mm.ubulk" 743
"../../../Engine/Plugins/Animation/ControlRig/Content/Controls/ControlRig_Octagon_1mm.uasset" 744
"../../../Engine/Plugins/Animation/ControlRig/Content/Controls/ControlRig_Octagon_1mm.uexp" 745
"../../../Engine/Plugins/Animation/ControlRig/Content/Controls/ControlRig_Hexagon_solid.ubulk" 746
"../../../Engine/Plugins/Animation/ControlRig/Content/Controls/ControlRig_Hexagon_solid.uasset" 747
"../../../Engine/Plugins/Animation/ControlRig/Content/Controls/ControlRig_Hexagon_solid.uexp" 748
"../../../Engine/Plugins/Animation/ControlRig/Content/Controls/ControlRig_Hexagon_3mm.ubulk" 749
"../../../Engine/Plugins/Animation/ControlRig/Content/Controls/ControlRig_Hexagon_3mm.uasset" 750
"../../../Engine/Plugins/Animation/ControlRig/Content/Controls/ControlRig_Hexagon_3mm.uexp" 751
"../../../Engine/Plugins/Animation/ControlRig/Content/Controls/ControlRig_Hexagon_1mm.ubulk" 752
"../../../Engine/Plugins/Animation/ControlRig/Content/Controls/ControlRig_Hexagon_1mm.uasset" 753
"../../../Engine/Plugins/Animation/ControlRig/Content/Controls/ControlRig_Hexagon_1mm.uexp" 754
"../../../Engine/Plugins/Animation/ControlRig/Content/Controls/ControlRig_HalfCircle_solid.ubulk" 755
"../../../Engine/Plugins/Animation/ControlRig/Content/Controls/ControlRig_HalfCircle_solid.uasset" 756
"../../../Engine/Plugins/Animation/ControlRig/Content/Controls/ControlRig_HalfCircle_solid.uexp" 757
"../../../Engine/Plugins/Animation/ControlRig/Content/Controls/ControlRig_HalfCircle_3mm.ubulk" 758
"../../../Engine/Plugins/Animation/ControlRig/Content/Controls/ControlRig_HalfCircle_3mm.uasset" 759
"../../../Engine/Plugins/Animation/ControlRig/Content/Controls/ControlRig_HalfCircle_3mm.uexp" 760
"../../../Engine/Plugins/Animation/ControlRig/Content/Controls/ControlRig_HalfCircle_1mm.ubulk" 761
"../../../Engine/Plugins/Animation/ControlRig/Content/Controls/ControlRig_HalfCircle_1mm.uasset" 762
"../../../Engine/Plugins/Animation/ControlRig/Content/Controls/ControlRig_HalfCircle_1mm.uexp" 763
"../../../Engine/Plugins/Animation/ControlRig/Content/Controls/ControlRig_Diamond_solid.ubulk" 764
"../../../Engine/Plugins/Animation/ControlRig/Content/Controls/ControlRig_Diamond_solid.uasset" 765
"../../../Engine/Plugins/Animation/ControlRig/Content/Controls/ControlRig_Diamond_solid.uexp" 766
"../../../Engine/Plugins/Animation/ControlRig/Content/Controls/ControlRig_Diamond_3mm.ubulk" 767
"../../../Engine/Plugins/Animation/ControlRig/Content/Controls/ControlRig_Diamond_3mm.uasset" 768
"../../../Engine/Plugins/Animation/ControlRig/Content/Controls/ControlRig_Diamond_3mm.uexp" 769
"../../../Engine/Plugins/Animation/ControlRig/Content/Controls/ControlRig_Diamond_1mm.ubulk" 770
"../../../Engine/Plugins/Animation/ControlRig/Content/Controls/ControlRig_Diamond_1mm.uasset" 771
"../../../Engine/Plugins/Animation/ControlRig/Content/Controls/ControlRig_Diamond_1mm.uexp" 772
"../../../Engine/Plugins/Animation/ControlRig/Content/Controls/ControlRig_Circle_solid.ubulk" 773
"../../../Engine/Plugins/Animation/ControlRig/Content/Controls/ControlRig_Circle_solid.uasset" 774
"../../../Engine/Plugins/Animation/ControlRig/Content/Controls/ControlRig_Circle_solid.uexp" 775
"../../../Engine/Plugins/Animation/ControlRig/Content/Controls/ControlRig_Circle_3mm.ubulk" 776
"../../../Engine/Plugins/Animation/ControlRig/Content/Controls/ControlRig_Circle_3mm.uasset" 777
"../../../Engine/Plugins/Animation/ControlRig/Content/Controls/ControlRig_Circle_3mm.uexp" 778
"../../../Engine/Plugins/Animation/ControlRig/Content/Controls/ControlRig_Circle_1mm.ubulk" 779
"../../../Engine/Plugins/Animation/ControlRig/Content/Controls/ControlRig_Circle_1mm.uasset" 780
"../../../Engine/Plugins/Animation/ControlRig/Content/Controls/ControlRig_Circle_1mm.uexp" 781
"../../../Engine/Plugins/Animation/ControlRig/Content/Controls/ControlRig_Box_solid.ubulk" 782
"../../../Engine/Plugins/Animation/ControlRig/Content/Controls/ControlRig_Box_solid.uasset" 783
"../../../Engine/Plugins/Animation/ControlRig/Content/Controls/ControlRig_Box_solid.uexp" 784
"../../../Engine/Plugins/Animation/ControlRig/Content/Controls/ControlRig_Box_3mm.ubulk" 785
"../../../Engine/Plugins/Animation/ControlRig/Content/Controls/ControlRig_Box_3mm.uasset" 786
"../../../Engine/Plugins/Animation/ControlRig/Content/Controls/ControlRig_Box_3mm.uexp" 787
"../../../Engine/Plugins/Animation/ControlRig/Content/Controls/ControlRig_Box_1mm.ubulk" 788
"../../../Engine/Plugins/Animation/ControlRig/Content/Controls/ControlRig_Box_1mm.uasset" 789
"../../../Engine/Plugins/Animation/ControlRig/Content/Controls/ControlRig_Box_1mm.uexp" 790
"../../../Engine/Plugins/Animation/ControlRig/Content/Controls/ControlRig_Arrow_solid.ubulk" 791
"../../../Engine/Plugins/Animation/ControlRig/Content/Controls/ControlRig_Arrow_solid.uasset" 792
"../../../Engine/Plugins/Animation/ControlRig/Content/Controls/ControlRig_Arrow_solid.uexp" 793
"../../../Engine/Plugins/Animation/ControlRig/Content/Controls/ControlRig_Arrow_3mm.ubulk" 794
"../../../Engine/Plugins/Animation/ControlRig/Content/Controls/ControlRig_Arrow_3mm.uasset" 795
"../../../Engine/Plugins/Animation/ControlRig/Content/Controls/ControlRig_Arrow_3mm.uexp" 796
"../../../Engine/Plugins/Animation/ControlRig/Content/Controls/ControlRig_Arrow_1mm.ubulk" 797
"../../../Engine/Plugins/Animation/ControlRig/Content/Controls/ControlRig_Arrow_1mm.uasset" 798
"../../../Engine/Plugins/Animation/ControlRig/Content/Controls/ControlRig_Arrow_1mm.uexp" 799
"../../../Engine/Plugins/Animation/ControlRig/Content/Controls/ControlRig_Arrow4_solid.ubulk" 800
"../../../Engine/Plugins/Animation/ControlRig/Content/Controls/ControlRig_Arrow4_solid.uasset" 801
"../../../Engine/Plugins/Animation/ControlRig/Content/Controls/ControlRig_Arrow4_solid.uexp" 802
"../../../Engine/Plugins/Animation/ControlRig/Content/Controls/ControlRig_Arrow4_3mm.ubulk" 803
"../../../Engine/Plugins/Animation/ControlRig/Content/Controls/ControlRig_Arrow4_3mm.uasset" 804
"../../../Engine/Plugins/Animation/ControlRig/Content/Controls/ControlRig_Arrow4_3mm.uexp" 805
"../../../Engine/Plugins/Animation/ControlRig/Content/Controls/ControlRig_Arrow4_1mm.ubulk" 806
"../../../Engine/Plugins/Animation/ControlRig/Content/Controls/ControlRig_Arrow4_1mm.uasset" 807
"../../../Engine/Plugins/Animation/ControlRig/Content/Controls/ControlRig_Arrow4_1mm.uexp" 808
"../../../Engine/Plugins/Animation/ControlRig/Content/Controls/ControlRig_Arrow2_solid.ubulk" 809
"../../../Engine/Plugins/Animation/ControlRig/Content/Controls/ControlRig_Arrow2_solid.uasset" 810
"../../../Engine/Plugins/Animation/ControlRig/Content/Controls/ControlRig_Arrow2_solid.uexp" 811
"../../../Engine/Plugins/Animation/ControlRig/Content/Controls/ControlRig_Arrow2_3mm.ubulk" 812
"../../../Engine/Plugins/Animation/ControlRig/Content/Controls/ControlRig_Arrow2_3mm.uasset" 813
"../../../Engine/Plugins/Animation/ControlRig/Content/Controls/ControlRig_Arrow2_3mm.uexp" 814
"../../../Engine/Plugins/Animation/ControlRig/Content/Controls/ControlRig_Arrow2_1mm.ubulk" 815
"../../../Engine/Plugins/Animation/ControlRig/Content/Controls/ControlRig_Arrow2_1mm.uasset" 816
"../../../Engine/Plugins/Animation/ControlRig/Content/Controls/ControlRig_Arrow2_1mm.uexp" 817
"../../../Engine/Plugins/Animation/ControlRig/Content/Controls/ControlRigXRayMaterial.uasset" 818
"../../../Engine/Plugins/Animation/ControlRig/Content/Controls/ControlRigXRayMaterial.uexp" 819
"../../../Engine/Plugins/Animation/ControlRig/Content/Controls/ControlRigGizmoMaterial.uasset" 820
"../../../Engine/Plugins/Animation/ControlRig/Content/Controls/ControlRigGizmoMaterial.uexp" 821
"../../../Engine/Plugins/Editor/SpeedTreeImporter/Content/SpeedTree9/game_wind_noise.ubulk" 822
"../../../Engine/Plugins/Editor/SpeedTreeImporter/Content/SpeedTree9/game_wind_noise.uasset" 823
"../../../Engine/Plugins/Editor/SpeedTreeImporter/Content/SpeedTree9/game_wind_noise.uexp" 824
"../../../Engine/Plugins/Editor/SpeedTreeImporter/Content/SpeedTree9/UnpackDirection.uasset" 825
"../../../Engine/Plugins/Editor/SpeedTreeImporter/Content/SpeedTree9/UnpackDirection.uexp" 826
"../../../Engine/Content/Functions/Engine_MaterialFunctions02/ObjectLocalBounds.uasset" 827
"../../../Engine/Content/Functions/Engine_MaterialFunctions02/ObjectLocalBounds.uexp" 828
"../../../Engine/Content/Functions/Engine_MaterialFunctions02/UVs/BoundingBoxBased_0-1_UVW.uasset" 829
"../../../Engine/Content/Functions/Engine_MaterialFunctions02/UVs/BoundingBoxBased_0-1_UVW.uexp" 830
"../../../Engine/Content/Functions/Engine_MaterialFunctions02/Utility/VectorLength.uasset" 831
"../../../Engine/Content/Functions/Engine_MaterialFunctions02/Utility/VectorLength.uexp" 832
"../../../Engine/Plugins/Editor/SpeedTreeImporter/Content/SpeedTree9/UnpackInteger3.uasset" 833
"../../../Engine/Plugins/Editor/SpeedTreeImporter/Content/SpeedTree9/UnpackInteger3.uexp" 834
"../../../Engine/Plugins/Editor/SpeedTreeImporter/Content/SpeedTree9/SpeedTreeCameraFacing.uasset" 835
"../../../Engine/Plugins/Editor/SpeedTreeImporter/Content/SpeedTree9/SpeedTreeCameraFacing.uexp" 836
"../../../Engine/Content/Functions/Engine_MaterialFunctions02/WorldPositionOffset/ObjectScale.uasset" 837
"../../../Engine/Content/Functions/Engine_MaterialFunctions02/WorldPositionOffset/ObjectScale.uexp" 838
"../../../Engine/Content/Functions/Engine_MaterialFunctions02/SafeNormalize.uasset" 839
"../../../Engine/Content/Functions/Engine_MaterialFunctions02/SafeNormalize.uexp" 840
"../../../Engine/Plugins/Editor/SpeedTreeImporter/Content/SpeedTree9/SpeedTreeWindMotion.uasset" 841
"../../../Engine/Plugins/Editor/SpeedTreeImporter/Content/SpeedTree9/SpeedTreeWindMotion.uexp" 842
"../../../Engine/Plugins/Editor/SpeedTreeImporter/Content/SpeedTree9/SpeedTreeBranchMotion.uasset" 843
"../../../Engine/Plugins/Editor/SpeedTreeImporter/Content/SpeedTree9/SpeedTreeBranchMotion.uexp" 844
"../../../Engine/Plugins/Editor/SpeedTreeImporter/Content/SpeedTree9/SpeedTreeWind.uasset" 845
"../../../Engine/Plugins/Editor/SpeedTreeImporter/Content/SpeedTree9/SpeedTreeWind.uexp" 846
"../../../Engine/Plugins/Editor/SpeedTreeImporter/Content/SpeedTree9/EmptyNormal.uasset" 847
"../../../Engine/Plugins/Editor/SpeedTreeImporter/Content/SpeedTree9/EmptyNormal.uexp" 848
"../../../Engine/Plugins/Editor/SpeedTreeImporter/Content/SpeedTree9/Empty.uasset" 849
"../../../Engine/Plugins/Editor/SpeedTreeImporter/Content/SpeedTree9/Empty.uexp" 850
"../../../Engine/Plugins/Editor/SpeedTreeImporter/Content/SpeedTree9/SpeedTreeMaster.uasset" 851
"../../../Engine/Plugins/Editor/SpeedTreeImporter/Content/SpeedTree9/SpeedTreeMaster.uexp" 852
"../../../Engine/Plugins/Editor/SpeedTreeImporter/Content/SpeedTree9/SpeedTreeBillboard.uasset" 853
"../../../Engine/Plugins/Editor/SpeedTreeImporter/Content/SpeedTree9/SpeedTreeBillboard.uexp" 854
"../../../Engine/Plugins/Editor/SpeedTreeImporter/Content/SpeedTree9/SpeedTreeBillboardMaster.uasset" 855
"../../../Engine/Plugins/Editor/SpeedTreeImporter/Content/SpeedTree9/SpeedTreeBillboardMaster.uexp" 856
"../../../Engine/Plugins/Interchange/Runtime/Content/gltf/MaterialInstances_SG/MI_Opaque_ClearCoat.uasset" 857
"../../../Engine/Plugins/Interchange/Runtime/Content/gltf/MaterialInstances_SG/MI_Opaque_ClearCoat.uexp" 858
"../../../Engine/Plugins/Interchange/Runtime/Content/gltf/MaterialInstances_SG/MI_Opaque.uasset" 859
"../../../Engine/Plugins/Interchange/Runtime/Content/gltf/MaterialInstances_SG/MI_Opaque.uexp" 860
"../../../Engine/Plugins/Interchange/Runtime/Content/Functions/MX_Transmission.uasset" 861
"../../../Engine/Plugins/Interchange/Runtime/Content/Functions/MX_Transmission.uexp" 862
"../../../Engine/Plugins/Interchange/Runtime/Content/Functions/MX_StandardSurface.uasset" 863
"../../../Engine/Plugins/Interchange/Runtime/Content/Functions/MX_StandardSurface.uexp" 864
"../../../Engine/Plugins/Interchange/Runtime/Content/Functions/MX_TransmissionSurface.uasset" 865
"../../../Engine/Plugins/Interchange/Runtime/Content/Functions/MX_TransmissionSurface.uexp" 866
"../../../Engine/Content/Functions/Engine_MaterialFunctions02/WorldPositionOffset/V2/ObjectScale.uasset" 867
"../../../Engine/Content/Functions/Engine_MaterialFunctions02/WorldPositionOffset/V2/ObjectScale.uexp" 868
"../../../Engine/Plugins/Interchange/Runtime/Content/gltf/MaterialFunctions/MF_TransmissionOpacity.uasset" 869
"../../../Engine/Plugins/Interchange/Runtime/Content/gltf/MaterialFunctions/MF_TransmissionOpacity.uexp" 870
"../../../Engine/Plugins/Interchange/Runtime/Content/gltf/MaterialInstances_MR/MI_Transmission_TS.uasset" 871
"../../../Engine/Plugins/Interchange/Runtime/Content/gltf/MaterialInstances_MR/MI_Transmission_TS.uexp" 872
"../../../Engine/Plugins/Interchange/Runtime/Content/gltf/MaterialInstances_MR/MI_Transmission.uasset" 873
"../../../Engine/Plugins/Interchange/Runtime/Content/gltf/MaterialInstances_MR/MI_Transmission.uexp" 874
"../../../Engine/Plugins/Interchange/Runtime/Content/gltf/MaterialInstances_MR/MI_Translucent_TS.uasset" 875
"../../../Engine/Plugins/Interchange/Runtime/Content/gltf/MaterialInstances_MR/MI_Translucent_TS.uexp" 876
"../../../Engine/Plugins/Interchange/Runtime/Content/gltf/MaterialInstances_MR/MI_Translucent_ClearCoat_TS.uasset" 877
"../../../Engine/Plugins/Interchange/Runtime/Content/gltf/MaterialInstances_MR/MI_Translucent_ClearCoat_TS.uexp" 878
"../../../Engine/Content/BasicShapes/Cube.ubulk" 879
"../../../Engine/Content/BasicShapes/Cube.uasset" 880
"../../../Engine/Content/BasicShapes/Cube.uexp" 881
"../../../Engine/Content/EngineMaterials/BlendFunc_DefBlend.uasset" 882
"../../../Engine/Content/EngineMaterials/BlendFunc_DefBlend.uexp" 883
"../../../Engine/Content/EngineMaterials/BlendFunc_DefBase.uasset" 884
"../../../Engine/Content/EngineMaterials/BlendFunc_DefBase.uexp" 885
"../../../Engine/Content/Functions/Engine_MaterialFunctions03/Blends/Blend_Overlay.uasset" 886
"../../../Engine/Content/Functions/Engine_MaterialFunctions03/Blends/Blend_Overlay.uexp" 887
"../../../Engine/Content/OpenWorldTemplate/LandscapeMaterial/T_GridChecker_A.ubulk" 888
"../../../Engine/Content/OpenWorldTemplate/LandscapeMaterial/T_GridChecker_A.uasset" 889
"../../../Engine/Content/OpenWorldTemplate/LandscapeMaterial/T_GridChecker_A.uexp" 890
"../../../Engine/Content/Functions/Engine_MaterialFunctions01/Gradient/LinearGradient.uasset" 891
"../../../Engine/Content/Functions/Engine_MaterialFunctions01/Gradient/LinearGradient.uexp" 892
"../../../Engine/Content/Functions/Engine_MaterialFunctions01/ImageAdjustment/CheapContrast.uasset" 893
"../../../Engine/Content/Functions/Engine_MaterialFunctions01/ImageAdjustment/CheapContrast.uexp" 894
"../../../Engine/Content/OpenWorldTemplate/LandscapeMaterial/MF_ProcGrid.uasset" 895
"../../../Engine/Content/OpenWorldTemplate/LandscapeMaterial/MF_ProcGrid.uexp" 896
"../../../Engine/Content/OpenWorldTemplate/LandscapeMaterial/M_ProcGrid.uasset" 897
"../../../Engine/Content/OpenWorldTemplate/LandscapeMaterial/M_ProcGrid.uexp" 898
"../../../Engine/Content/OpenWorldTemplate/LandscapeMaterial/MI_ProcGrid.uasset" 899
"../../../Engine/Content/OpenWorldTemplate/LandscapeMaterial/MI_ProcGrid.uexp" 900
"../../../Engine/Content/EngineSky/T_Sky_Stars.ubulk" 901
"../../../Engine/Content/EngineSky/T_Sky_Stars.uasset" 902
"../../../Engine/Content/EngineSky/T_Sky_Stars.uexp" 903
"../../../Engine/Content/EngineSky/T_Sky_Clouds_M.ubulk" 904
"../../../Engine/Content/EngineSky/T_Sky_Clouds_M.uasset" 905
"../../../Engine/Content/EngineSky/T_Sky_Clouds_M.uexp" 906
"../../../Engine/Content/EngineSky/T_Sky_Blue.ubulk" 907
"../../../Engine/Content/EngineSky/T_Sky_Blue.uasset" 908
"../../../Engine/Content/EngineSky/T_Sky_Blue.uexp" 909
"../../../Engine/Content/EngineSky/M_Sky_Panning_Clouds2.uasset" 910
"../../../Engine/Content/EngineSky/M_Sky_Panning_Clouds2.uexp" 911
"../../../Engine/Content/EngineSky/SM_SkySphere.ubulk" 912
"../../../Engine/Content/EngineSky/SM_SkySphere.uasset" 913
"../../../Engine/Content/EngineSky/SM_SkySphere.uexp" 914
"../../../Engine/Content/BasicShapes/BasicShapeMaterial.uasset" 915
"../../../Engine/Content/BasicShapes/BasicShapeMaterial.uexp" 916
"C:/Users/12105001/Desktop/UE4kadai/Kouhei_ObstacleRun/Content/testActor.uasset" 917
"C:/Users/12105001/Desktop/UE4kadai/Kouhei_ObstacleRun/Content/testActor.uexp" 918
"../../../Engine/Content/MapTemplates/SM_Template_Map_Floor.ubulk" 919
"../../../Engine/Content/MapTemplates/SM_Template_Map_Floor.uasset" 920
"../../../Engine/Content/MapTemplates/SM_Template_Map_Floor.uexp" 921
"../../../Engine/Content/EngineSky/M_SimpleSkyDome.uasset" 922
"../../../Engine/Content/EngineSky/M_SimpleSkyDome.uexp" 923
"../../../Engine/Content/BasicShapes/Cylinder.ubulk" 924
"../../../Engine/Content/BasicShapes/Cylinder.uasset" 925
"../../../Engine/Content/BasicShapes/Cylinder.uexp" 926
"../../../Engine/Content/EngineMaterials/DefaultLightFunctionMaterial.uasset" 927
"../../../Engine/Content/EngineMaterials/DefaultLightFunctionMaterial.uexp" 928
"C:/Users/12105001/Desktop/UE4kadai/Kouhei_ObstacleRun/Content/Cylinder1.uasset" 929
"C:/Users/12105001/Desktop/UE4kadai/Kouhei_ObstacleRun/Content/Cylinder1.uexp" 930
"C:/Users/12105001/Desktop/UE4kadai/Kouhei_ObstacleRun/Content/Cylinder.uasset" 931
"C:/Users/12105001/Desktop/UE4kadai/Kouhei_ObstacleRun/Content/Cylinder.uexp" 932
"C:/Users/12105001/Desktop/UE4kadai/Kouhei_ObstacleRun/Content/Level/kadiMap.uexp" 933
"C:/Users/12105001/Desktop/UE4kadai/Kouhei_ObstacleRun/Content/Level/kadiMap.umap" 934
"../../../Engine/Content/Maps/Entry_BuiltData.uasset" 935
"../../../Engine/Content/Maps/Entry_BuiltData.uexp" 936
"../../../Engine/Content/Maps/Entry.uexp" 937
"../../../Engine/Content/Maps/Entry.umap" 938
